Change Component Designator: Old Designator=*1 New Designator=*?
Change Component Designator: Old Designator=*2 New Designator=*?
Change Component Designator: Old Designator=*3 New Designator=*?
Change Component Designator: Old Designator=*4 New Designator=*?
Change Component Designator: Old Designator=*5 New Designator=*?
Change Component Designator: Old Designator=*6 New Designator=*?
Change Component Designator: Old Designator=*7 New Designator=*?
Change Component Designator: Old Designator=*8 New Designator=*?
Change Component Designator: Old Designator=*9 New Designator=*?
Change Component Designator: Old Designator=*10 New Designator=*?
Change Component Designator: Old Designator=*11 New Designator=*?
Change Component Designator: Old Designator=*12 New Designator=*?
Change Component Designator: Old Designator=*13 New Designator=*?
Change Component Designator: Old Designator=*14 New Designator=*?
Change Component Designator: Old Designator=*15 New Designator=*?
Change Component Designator: Old Designator=*16 New Designator=*?
Change Component Designator: Old Designator=*17 New Designator=*?
Change Component Designator: Old Designator=*18 New Designator=*?
Change Component Designator: Old Designator=*19 New Designator=*?
Change Component Designator: Old Designator=*20 New Designator=*?
Change Component Designator: Old Designator=*21 New Designator=*?
Change Component Designator: Old Designator=*22 New Designator=*?
Change Component Designator: Old Designator=*23 New Designator=*?
Change Component Designator: Old Designator=*24 New Designator=*?
Change Component Designator: Old Designator=*25 New Designator=*?
Change Component Designator: Old Designator=*26 New Designator=*?
Change Component Designator: Old Designator=*27 New Designator=*?
Change Component Designator: Old Designator=*28 New Designator=*?
Change Component Designator: Old Designator=1 New Designator=?
Change Component Designator: Old Designator=2 New Designator=?
Change Component Designator: Old Designator=3 New Designator=?
Change Component Designator: Old Designator=4 New Designator=?
Change Component Designator: Old Designator=5 New Designator=?
Change Component Designator: Old Designator=C1 New Designator=C?
Change Component Designator: Old Designator=C2 New Designator=C?
Change Component Designator: Old Designator=C3 New Designator=C?
Change Component Designator: Old Designator=C4 New Designator=C?
Change Component Designator: Old Designator=C5 New Designator=C?
Change Component Designator: Old Designator=CR1 New Designator=CR?
Change Component Designator: Old Designator=J1 New Designator=J?
Change Component Designator: Old Designator=J2 New Designator=J?
Change Component Designator: Old Designator=J3 New Designator=J?
Change Component Designator: Old Designator=P1 New Designator=P?
Change Component Designator: Old Designator=P2 New Designator=P?
Change Component Designator: Old Designator=P3 New Designator=P?
Change Component Designator: Old Designator=P4 New Designator=P?
Change Component Designator: Old Designator=P5 New Designator=P?
Change Component Designator: Old Designator=P6 New Designator=P?
Change Component Designator: Old Designator=P7 New Designator=P?
Change Component Designator: Old Designator=P8 New Designator=P?
Change Component Designator: Old Designator=P9 New Designator=P?
Change Component Designator: Old Designator=P10 New Designator=P?
Change Component Designator: Old Designator=P11 New Designator=P?
Change Component Designator: Old Designator=P12 New Designator=P?
Change Component Designator: Old Designator=P13 New Designator=P?
Change Component Designator: Old Designator=P14 New Designator=P?
Change Component Designator: Old Designator=P15 New Designator=P?
Change Component Designator: Old Designator=P16 New Designator=P?
Change Component Designator: Old Designator=P17 New Designator=P?
Change Component Designator: Old Designator=P18 New Designator=P?
Change Component Designator: Old Designator=P19 New Designator=P?
Change Component Designator: Old Designator=P20 New Designator=P?
Change Component Designator: Old Designator=P21 New Designator=P?
Change Component Designator: Old Designator=P22 New Designator=P?
Change Component Designator: Old Designator=P23 New Designator=P?
Change Component Designator: Old Designator=P24 New Designator=P?
Change Component Designator: Old Designator=P25 New Designator=P?
Change Component Designator: Old Designator=P26 New Designator=P?
Change Component Designator: Old Designator=P27 New Designator=P?
Change Component Designator: Old Designator=P28 New Designator=P?
Change Component Designator: Old Designator=P29 New Designator=P?
Change Component Designator: Old Designator=P30 New Designator=P?
Change Component Designator: Old Designator=P31 New Designator=P?
Change Component Designator: Old Designator=P32 New Designator=P?
Change Component Designator: Old Designator=P33 New Designator=P?
Change Component Designator: Old Designator=P34 New Designator=P?
Change Component Designator: Old Designator=P35 New Designator=P?
Change Component Designator: Old Designator=P36 New Designator=P?
