Replace Part *1 Component_1 in C:\Users\Noah Stephens\Desktop\robo-rio-io-board\main.SchDoc with Component_1 from 3 pin.SchLib
Replace Part *2 Component_1 in C:\Users\Noah Stephens\Desktop\robo-rio-io-board\main.SchDoc with Component_1 from 3 pin.SchLib
Replace Part *3 Component_1 in C:\Users\Noah Stephens\Desktop\robo-rio-io-board\main.SchDoc with Component_1 from 3 pin.SchLib
Replace Part *4 Component_1 in C:\Users\Noah Stephens\Desktop\robo-rio-io-board\main.SchDoc with Component_1 from 3 pin.SchLib
Replace Part *5 Component_1 in C:\Users\Noah Stephens\Desktop\robo-rio-io-board\main.SchDoc with Component_1 from 3 pin.SchLib
Replace Part *6 Component_1 in C:\Users\Noah Stephens\Desktop\robo-rio-io-board\main.SchDoc with Component_1 from 3 pin.SchLib
Replace Part *7 Component_1 in C:\Users\Noah Stephens\Desktop\robo-rio-io-board\main.SchDoc with Component_1 from 3 pin.SchLib
Replace Part *8 Component_1 in C:\Users\Noah Stephens\Desktop\robo-rio-io-board\main.SchDoc with Component_1 from 3 pin.SchLib
Replace Part *9 Component_1 in C:\Users\Noah Stephens\Desktop\robo-rio-io-board\main.SchDoc with Component_1 from 3 pin.SchLib
Replace Part *10 Component_1 in C:\Users\Noah Stephens\Desktop\robo-rio-io-board\main.SchDoc with Component_1 from 3 pin.SchLib
Replace Part *11 Component_1 in C:\Users\Noah Stephens\Desktop\robo-rio-io-board\main.SchDoc with Component_1 from 3 pin.SchLib
Replace Part *12 Component_1 in C:\Users\Noah Stephens\Desktop\robo-rio-io-board\main.SchDoc with Component_1 from 3 pin.SchLib
Replace Part *13 Component_1 in C:\Users\Noah Stephens\Desktop\robo-rio-io-board\main.SchDoc with Component_1 from 3 pin.SchLib
Replace Part *14 Component_1 in C:\Users\Noah Stephens\Desktop\robo-rio-io-board\main.SchDoc with Component_1 from 3 pin.SchLib
Replace Part *15 Component_1 in C:\Users\Noah Stephens\Desktop\robo-rio-io-board\main.SchDoc with Component_1 from 3 pin.SchLib
Replace Part *16 Component_1 in C:\Users\Noah Stephens\Desktop\robo-rio-io-board\main.SchDoc with Component_1 from 3 pin.SchLib
Replace Part *17 Component_1 in C:\Users\Noah Stephens\Desktop\robo-rio-io-board\main.SchDoc with Component_1 from 3 pin.SchLib
Replace Part *18 Component_1 in C:\Users\Noah Stephens\Desktop\robo-rio-io-board\main.SchDoc with Component_1 from 3 pin.SchLib
Replace Part *19 Component_1 in C:\Users\Noah Stephens\Desktop\robo-rio-io-board\main.SchDoc with Component_1 from 3 pin.SchLib
Replace Part *20 Component_1 in C:\Users\Noah Stephens\Desktop\robo-rio-io-board\main.SchDoc with Component_1 from 3 pin.SchLib
Replace Part *21 Component_1 in C:\Users\Noah Stephens\Desktop\robo-rio-io-board\main.SchDoc with Component_1 from 3 pin.SchLib
Replace Part *22 Component_1 in C:\Users\Noah Stephens\Desktop\robo-rio-io-board\main.SchDoc with Component_1 from 3 pin.SchLib
Replace Part *23 Component_1 in C:\Users\Noah Stephens\Desktop\robo-rio-io-board\main.SchDoc with Component_1 from 3 pin.SchLib
Replace Part *24 Component_1 in C:\Users\Noah Stephens\Desktop\robo-rio-io-board\main.SchDoc with Component_1 from 3 pin.SchLib
Replace Part *25 Component_1 in C:\Users\Noah Stephens\Desktop\robo-rio-io-board\main.SchDoc with Component_1 from 3 pin.SchLib
Replace Part *26 Component_1 in C:\Users\Noah Stephens\Desktop\robo-rio-io-board\main.SchDoc with Component_1 from 3 pin.SchLib
Replace Part *27 Component_1 in C:\Users\Noah Stephens\Desktop\robo-rio-io-board\main.SchDoc with Component_1 from 3 pin.SchLib
Replace Part *28 Component_1 in C:\Users\Noah Stephens\Desktop\robo-rio-io-board\main.SchDoc with Component_1 from 3 pin.SchLib
Replace Part 1 Component_1 in C:\Users\Noah Stephens\Desktop\robo-rio-io-board\main.SchDoc with Component_1 from 2 pin.SchLib
Replace Part 2 Component_1 in C:\Users\Noah Stephens\Desktop\robo-rio-io-board\main.SchDoc with Component_1 from 2 pin.SchLib
Replace Part 3 RREXTENSION-MALE in C:\Users\Noah Stephens\Desktop\robo-rio-io-board\main.SchDoc with RREXTENSION-MALE from RoboRioConnector.SCHLIB
Replace Part 4 RRINTERFACE-FEMALE in C:\Users\Noah Stephens\Desktop\robo-rio-io-board\main.SchDoc with RRINTERFACE-FEMALE from RoboRioConnector.SCHLIB
Replace Part 5 Component_1 in C:\Users\Noah Stephens\Desktop\robo-rio-io-board\main.SchDoc with Component_1 from 2 pin.SchLib
Replace Part C1 Cap in C:\Users\Noah Stephens\Desktop\robo-rio-io-board\main.SchDoc with Cap from Miscellaneous Devices.IntLib
Replace Part C2 Cap in C:\Users\Noah Stephens\Desktop\robo-rio-io-board\main.SchDoc with Cap from Miscellaneous Devices.IntLib
Replace Part C3 Cap in C:\Users\Noah Stephens\Desktop\robo-rio-io-board\main.SchDoc with Cap from Miscellaneous Devices.IntLib
Replace Part C4 Cap in C:\Users\Noah Stephens\Desktop\robo-rio-io-board\main.SchDoc with Cap from Miscellaneous Devices.IntLib
Replace Part C5 Cap in C:\Users\Noah Stephens\Desktop\robo-rio-io-board\main.SchDoc with Cap from Miscellaneous Devices.IntLib
Replace Part CR1 ST3232BTR in C:\Users\Noah Stephens\Desktop\robo-rio-io-board\main.SchDoc with ST3232BTR from UL_ST3232BTR.SchLib
Replace Part J1 0705530003 in C:\Users\Noah Stephens\Desktop\robo-rio-io-board\main.SchDoc with 0705530003 from 0705530003.SchLib
Replace Part J2 femaleDSUB in C:\Users\Noah Stephens\Desktop\robo-rio-io-board\main.SchDoc with femaleDSUB from DSUBconnector.SchLib
Replace Part J3 maleDSUB in C:\Users\Noah Stephens\Desktop\robo-rio-io-board\main.SchDoc with maleDSUB from DSUBconnector.SchLib
Replace Part P1 Header 2 in C:\Users\Noah Stephens\Desktop\robo-rio-io-board\main.SchDoc with Header 2 from Miscellaneous Connectors.IntLib
Replace Part P2 Header 2 in C:\Users\Noah Stephens\Desktop\robo-rio-io-board\main.SchDoc with Header 2 from Miscellaneous Connectors.IntLib
Replace Part P3 Header 4 in C:\Users\Noah Stephens\Desktop\robo-rio-io-board\main.SchDoc with Header 4 from Miscellaneous Connectors.IntLib
Replace Part P4 Header 4 in C:\Users\Noah Stephens\Desktop\robo-rio-io-board\main.SchDoc with Header 4 from Miscellaneous Connectors.IntLib
Replace Part P5 Header 3 in C:\Users\Noah Stephens\Desktop\robo-rio-io-board\main.SchDoc with Header 3 from Miscellaneous Connectors.IntLib
Replace Part P6 Header 3 in C:\Users\Noah Stephens\Desktop\robo-rio-io-board\main.SchDoc with Header 3 from Miscellaneous Connectors.IntLib
Replace Part P7 Header 3 in C:\Users\Noah Stephens\Desktop\robo-rio-io-board\main.SchDoc with Header 3 from Miscellaneous Connectors.IntLib
Replace Part P8 Header 3 in C:\Users\Noah Stephens\Desktop\robo-rio-io-board\main.SchDoc with Header 3 from Miscellaneous Connectors.IntLib
Replace Part P9 Header 3 in C:\Users\Noah Stephens\Desktop\robo-rio-io-board\main.SchDoc with Header 3 from Miscellaneous Connectors.IntLib
Replace Part P10 Header 3 in C:\Users\Noah Stephens\Desktop\robo-rio-io-board\main.SchDoc with Header 3 from Miscellaneous Connectors.IntLib
Replace Part P11 Header 3 in C:\Users\Noah Stephens\Desktop\robo-rio-io-board\main.SchDoc with Header 3 from Miscellaneous Connectors.IntLib
Replace Part P12 Header 3 in C:\Users\Noah Stephens\Desktop\robo-rio-io-board\main.SchDoc with Header 3 from Miscellaneous Connectors.IntLib
Replace Part P13 Header 3 in C:\Users\Noah Stephens\Desktop\robo-rio-io-board\main.SchDoc with Header 3 from Miscellaneous Connectors.IntLib
Replace Part P14 Header 3 in C:\Users\Noah Stephens\Desktop\robo-rio-io-board\main.SchDoc with Header 3 from Miscellaneous Connectors.IntLib
Replace Part P15 Header 3 in C:\Users\Noah Stephens\Desktop\robo-rio-io-board\main.SchDoc with Header 3 from Miscellaneous Connectors.IntLib
Replace Part P16 Header 3 in C:\Users\Noah Stephens\Desktop\robo-rio-io-board\main.SchDoc with Header 3 from Miscellaneous Connectors.IntLib
Replace Part P17 Header 3 in C:\Users\Noah Stephens\Desktop\robo-rio-io-board\main.SchDoc with Header 3 from Miscellaneous Connectors.IntLib
Replace Part P18 Header 3 in C:\Users\Noah Stephens\Desktop\robo-rio-io-board\main.SchDoc with Header 3 from Miscellaneous Connectors.IntLib
Replace Part P19 Header 3 in C:\Users\Noah Stephens\Desktop\robo-rio-io-board\main.SchDoc with Header 3 from Miscellaneous Connectors.IntLib
Replace Part P20 Header 3 in C:\Users\Noah Stephens\Desktop\robo-rio-io-board\main.SchDoc with Header 3 from Miscellaneous Connectors.IntLib
Replace Part P21 Header 3 in C:\Users\Noah Stephens\Desktop\robo-rio-io-board\main.SchDoc with Header 3 from Miscellaneous Connectors.IntLib
Replace Part P22 Header 3 in C:\Users\Noah Stephens\Desktop\robo-rio-io-board\main.SchDoc with Header 3 from Miscellaneous Connectors.IntLib
Replace Part P23 Header 5X2 in C:\Users\Noah Stephens\Desktop\robo-rio-io-board\main.SchDoc with Header 5X2 from Miscellaneous Connectors.IntLib
Replace Part P24 Header 3 in C:\Users\Noah Stephens\Desktop\robo-rio-io-board\main.SchDoc with Header 3 from Miscellaneous Connectors.IntLib
Replace Part P25 Header 3 in C:\Users\Noah Stephens\Desktop\robo-rio-io-board\main.SchDoc with Header 3 from Miscellaneous Connectors.IntLib
Replace Part P26 Header 3 in C:\Users\Noah Stephens\Desktop\robo-rio-io-board\main.SchDoc with Header 3 from Miscellaneous Connectors.IntLib
Replace Part P27 Header 5X2 in C:\Users\Noah Stephens\Desktop\robo-rio-io-board\main.SchDoc with Header 5X2 from Miscellaneous Connectors.IntLib
Replace Part P28 Header 2 in C:\Users\Noah Stephens\Desktop\robo-rio-io-board\main.SchDoc with Header 2 from Miscellaneous Connectors.IntLib
Replace Part P29 Header 3 in C:\Users\Noah Stephens\Desktop\robo-rio-io-board\main.SchDoc with Header 3 from Miscellaneous Connectors.IntLib
Replace Part P30 Header 3 in C:\Users\Noah Stephens\Desktop\robo-rio-io-board\main.SchDoc with Header 3 from Miscellaneous Connectors.IntLib
Replace Part P31 Header 3 in C:\Users\Noah Stephens\Desktop\robo-rio-io-board\main.SchDoc with Header 3 from Miscellaneous Connectors.IntLib
Replace Part P32 Header 3 in C:\Users\Noah Stephens\Desktop\robo-rio-io-board\main.SchDoc with Header 3 from Miscellaneous Connectors.IntLib
Replace Part P33 Header 3 in C:\Users\Noah Stephens\Desktop\robo-rio-io-board\main.SchDoc with Header 3 from Miscellaneous Connectors.IntLib
Replace Part P34 Header 3 in C:\Users\Noah Stephens\Desktop\robo-rio-io-board\main.SchDoc with Header 3 from Miscellaneous Connectors.IntLib
Replace Part P35 Header 3 in C:\Users\Noah Stephens\Desktop\robo-rio-io-board\main.SchDoc with Header 3 from Miscellaneous Connectors.IntLib
Replace Part P36 Header 3 in C:\Users\Noah Stephens\Desktop\robo-rio-io-board\main.SchDoc with Header 3 from Miscellaneous Connectors.IntLib
