Added Component: Designator=*1(PCBComponent_1)
Add component. Clean all parameters for all variants
Added Component: Designator=*2(PCBComponent_1)
Add component. Clean all parameters for all variants
Added Component: Designator=*3(PCBComponent_1)
Add component. Clean all parameters for all variants
Added Component: Designator=*4(PCBComponent_1)
Add component. Clean all parameters for all variants
Added Component: Designator=*5(PCBComponent_1)
Add component. Clean all parameters for all variants
Added Component: Designator=*6(PCBComponent_1)
Add component. Clean all parameters for all variants
Added Component: Designator=*7(PCBComponent_1)
Add component. Clean all parameters for all variants
Added Component: Designator=*8(PCBComponent_1)
Add component. Clean all parameters for all variants
Added Component: Designator=*9(PCBComponent_1)
Add component. Clean all parameters for all variants
Added Component: Designator=*10(PCBComponent_1)
Add component. Clean all parameters for all variants
Added Component: Designator=*11(PCBComponent_1)
Add component. Clean all parameters for all variants
Added Component: Designator=*12(PCBComponent_1)
Add component. Clean all parameters for all variants
Added Component: Designator=*13(PCBComponent_1)
Add component. Clean all parameters for all variants
Added Component: Designator=*14(PCBComponent_1)
Add component. Clean all parameters for all variants
Added Component: Designator=*15(PCBComponent_1)
Add component. Clean all parameters for all variants
Added Component: Designator=*16(PCBComponent_1)
Add component. Clean all parameters for all variants
Added Component: Designator=*17(PCBComponent_1)
Add component. Clean all parameters for all variants
Added Component: Designator=*18(PCBComponent_1)
Add component. Clean all parameters for all variants
Added Component: Designator=*19(PCBComponent_1)
Add component. Clean all parameters for all variants
Added Component: Designator=*20(PCBComponent_1)
Add component. Clean all parameters for all variants
Added Component: Designator=*21(PCBComponent_1)
Add component. Clean all parameters for all variants
Added Component: Designator=*22(PCBComponent_1)
Add component. Clean all parameters for all variants
Added Component: Designator=*23(PCBComponent_1)
Add component. Clean all parameters for all variants
Added Component: Designator=*24(PCBComponent_1)
Add component. Clean all parameters for all variants
Added Component: Designator=*25(PCBComponent_1)
Add component. Clean all parameters for all variants
Added Component: Designator=*26(PCBComponent_1)
Add component. Clean all parameters for all variants
Added Component: Designator=*27(PCBComponent_1)
Add component. Clean all parameters for all variants
Added Component: Designator=*(PCBComponent_1)
Add component. Clean all parameters for all variants
Added Component: Designator=1(RREXT-MALE)
Add component. Clean all parameters for all variants
Add component (AddParameter): Name = "DeviceName"; Value = ""; VariantName = "[No Variations]"
Add component (AddParameter): Name = "DeviceSetName"; Value = "RREXTENSION-MALE"; VariantName = "[No Variations]"
Add component (AddParameter): Name = "GateName_1"; Value = "G$2"; VariantName = "[No Variations]"
Add component (AddParameter): Name = "LibraryName"; Value = "RoboRioConnector"; VariantName = "[No Variations]"
Add component (AddParameter): Name = "Package"; Value = "RREXT-MALE"; VariantName = "[No Variations]"
Add component (AddParameter): Name = "SymbolName_1"; Value = "RR_EXTENSION_MALE"; VariantName = "[No Variations]"
Added Component: Designator=1(PCBComponent_1)
Add component. Clean all parameters for all variants
Added Component: Designator=2(RRINT-FEMALE)
Add component. Clean all parameters for all variants
Add component (AddParameter): Name = "DeviceName"; Value = ""; VariantName = "[No Variations]"
Add component (AddParameter): Name = "DeviceSetName"; Value = "RRINTERFACE-FEMALE"; VariantName = "[No Variations]"
Add component (AddParameter): Name = "GateName_1"; Value = "G$1"; VariantName = "[No Variations]"
Add component (AddParameter): Name = "LibraryName"; Value = "RoboRioConnector"; VariantName = "[No Variations]"
Add component (AddParameter): Name = "Package"; Value = "RRINT-FEMALE"; VariantName = "[No Variations]"
Add component (AddParameter): Name = "SymbolName_1"; Value = "RR_INTERFACE_FEMALE"; VariantName = "[No Variations]"
Added Component: Designator=3(PCBComponent_1)
Add component. Clean all parameters for all variants
Added Component: Designator=4(PCBComponent_1)
Add component. Clean all parameters for all variants
Added Component: Designator=C1(0402)
Add component. Clean all parameters for all variants
Add component (AddParameter): Name = "Capacitance"; Value = "47nF"; VariantName = "[No Variations]"
Add component (AddParameter): Name = "Case/Package"; Value = "0402"; VariantName = "[No Variations]"
Add component (AddParameter): Name = "Case Code (Imperial)"; Value = "0402"; VariantName = "[No Variations]"
Add component (AddParameter): Name = "Case Code (Metric)"; Value = "1005"; VariantName = "[No Variations]"
Add component (AddParameter): Name = "ComponentLink1Description"; Value = "https://datasheet.ciiva.com/15195/getdatasheetpartid-355279-15195652.pdf?src-supplier=Verical"; VariantName = "[No Variations]"
Add component (AddParameter): Name = "ComponentLink1URL"; Value = "https://datasheet.ciiva.com/15195/getdatasheetpartid-355279-15195652.pdf?src-supplier=Verical"; VariantName = "[No Variations]"
Add component (AddParameter): Name = "ComponentLink2Description"; Value = "https://datasheet.ciiva.com/26309/mlcc-catalogdownload2013-eng-26309004.pdf?src-supplier=Distrelec"; VariantName = "[No Variations]"
Add component (AddParameter): Name = "ComponentLink2URL"; Value = "https://datasheet.ciiva.com/26309/mlcc-catalogdownload2013-eng-26309004.pdf?src-supplier=Distrelec"; VariantName = "[No Variations]"
Add component (AddParameter): Name = "ComponentLink3Description"; Value = "https://datasheet.ciiva.com/16508/cl05b104kq5nnnc-16508542.pdf?src-supplier=Future+Electronics"; VariantName = "[No Variations]"
Add component (AddParameter): Name = "ComponentLink3URL"; Value = "https://datasheet.ciiva.com/16508/cl05b104kq5nnnc-16508542.pdf?src-supplier=Future+Electronics"; VariantName = "[No Variations]"
Add component (AddParameter): Name = "Contact Plating"; Value = "Tin"; VariantName = "[No Variations]"
Add component (AddParameter): Name = "Depth"; Value = "0.5mm"; VariantName = "[No Variations]"
Add component (AddParameter): Name = "Dielectric"; Value = "X7R"; VariantName = "[No Variations]"
Add component (AddParameter): Name = "Height"; Value = "0.5mm"; VariantName = "[No Variations]"
Add component (AddParameter): Name = "LatestRevisionDate"; Value = "17-Jul-2002"; VariantName = "[No Variations]"
Add component (AddParameter): Name = "LatestRevisionNote"; Value = "Re-released for DXP Platform."; VariantName = "[No Variations]"
Add component (AddParameter): Name = "Lead Free"; Value = "Lead Free"; VariantName = "[No Variations]"
Add component (AddParameter): Name = "Length"; Value = "1mm"; VariantName = "[No Variations]"
Add component (AddParameter): Name = "Manufacturer 1"; Value = "Samsung"; VariantName = "[No Variations]"
Add component (AddParameter): Name = "Manufacturer Part Number 1"; Value = "CL05B473KO5NNNC"; VariantName = "[No Variations]"
Add component (AddParameter): Name = "Max Operating Temperature"; Value = "125°C"; VariantName = "[No Variations]"
Add component (AddParameter): Name = "Min Operating Temperature"; Value = "-55°C"; VariantName = "[No Variations]"
Add component (AddParameter): Name = "Mount"; Value = "Surface Mount"; VariantName = "[No Variations]"
Add component (AddParameter): Name = "PackageDescription"; Value = "Radial Cap, Thru-Hole; 2 Leads; 0.3 in Pin Spacing"; VariantName = "[No Variations]"
Add component (AddParameter): Name = "Package Quantity"; Value = "1"; VariantName = "[No Variations]"
Add component (AddParameter): Name = "PackageReference"; Value = "RAD-0.3"; VariantName = "[No Variations]"
Add component (AddParameter): Name = "Packaging"; Value = "Tape and Reel"; VariantName = "[No Variations]"
Add component (AddParameter): Name = "Pricing 1"; Value = "1=0.10000, 10=0.02500, 100=0.01130, 500=0.00806, 1000=0.00633, 2500=0.00575, 5000=0.00529 (USD)"; VariantName = "[No Variations]"
Add component (AddParameter): Name = "Published"; Value = "8-Jun-2000"; VariantName = "[No Variations]"
Add component (AddParameter): Name = "Publisher"; Value = "Altium Limited"; VariantName = "[No Variations]"
Add component (AddParameter): Name = "Radiation Hardening"; Value = "No"; VariantName = "[No Variations]"
Add component (AddParameter): Name = "RoHS"; Value = "Yes"; VariantName = "[No Variations]"
Add component (AddParameter): Name = "Stock 1"; Value = "1880230"; VariantName = "[No Variations]"
Add component (AddParameter): Name = "Supplier 1"; Value = "Digi-Key"; VariantName = "[No Variations]"
Add component (AddParameter): Name = "Supplier Part Number 1"; Value = "1276-1077-1-ND"; VariantName = "[No Variations]"
Add component (AddParameter): Name = "Thickness"; Value = "0.022inch"; VariantName = "[No Variations]"
Add component (AddParameter): Name = "Tolerance"; Value = "10%"; VariantName = "[No Variations]"
Add component (AddParameter): Name = "Value"; Value = "0.047uF"; VariantName = "[No Variations]"
Add component (AddParameter): Name = "Voltage"; Value = "16V"; VariantName = "[No Variations]"
Add component (AddParameter): Name = "Voltage Rating"; Value = "16V"; VariantName = "[No Variations]"
Add component (AddParameter): Name = "Voltage Rating (DC)"; Value = "16V"; VariantName = "[No Variations]"
Add component (AddParameter): Name = "Width"; Value = "0.02inch"; VariantName = "[No Variations]"
Added Component: Designator=C2(0402)
Add component. Clean all parameters for all variants
Add component (AddParameter): Name = "Capacitance"; Value = "330nF"; VariantName = "[No Variations]"
Add component (AddParameter): Name = "Case/Package"; Value = "0402"; VariantName = "[No Variations]"
Add component (AddParameter): Name = "Case Code (Imperial)"; Value = "0402"; VariantName = "[No Variations]"
Add component (AddParameter): Name = "Case Code (Metric)"; Value = "1005"; VariantName = "[No Variations]"
Add component (AddParameter): Name = "ComponentLink1Description"; Value = "http://www.samsungsem.com/kr/support/library/product-catalog/mlcc.jsp?src-supplier=Digi-Key"; VariantName = "[No Variations]"
Add component (AddParameter): Name = "ComponentLink1URL"; Value = "http://www.samsungsem.com/kr/support/library/product-catalog/mlcc.jsp?src-supplier=Digi-Key"; VariantName = "[No Variations]"
Add component (AddParameter): Name = "ComponentLink2Description"; Value = "http://www.samsungsem.com/kr/support/product-search/mlcc/CL05A334KP5NNNC.jsp?src-supplier=Digi-Key"; VariantName = "[No Variations]"
Add component (AddParameter): Name = "ComponentLink2URL"; Value = "http://www.samsungsem.com/kr/support/product-search/mlcc/CL05A334KP5NNNC.jsp?src-supplier=Digi-Key"; VariantName = "[No Variations]"
Add component (AddParameter): Name = "LatestRevisionDate"; Value = "17-Jul-2002"; VariantName = "[No Variations]"
Add component (AddParameter): Name = "LatestRevisionNote"; Value = "Re-released for DXP Platform."; VariantName = "[No Variations]"
Add component (AddParameter): Name = "Lead Free"; Value = "Lead Free"; VariantName = "[No Variations]"
Add component (AddParameter): Name = "Length"; Value = "0.039inch"; VariantName = "[No Variations]"
Add component (AddParameter): Name = "Manufacturer 1"; Value = "Samsung"; VariantName = "[No Variations]"
Add component (AddParameter): Name = "Manufacturer Part Number 1"; Value = "CL05A334KP5NNNC"; VariantName = "[No Variations]"
Add component (AddParameter): Name = "Max Operating Temperature"; Value = "85°C"; VariantName = "[No Variations]"
Add component (AddParameter): Name = "Min Operating Temperature"; Value = "-55°C"; VariantName = "[No Variations]"
Add component (AddParameter): Name = "Mount"; Value = "Surface Mount"; VariantName = "[No Variations]"
Add component (AddParameter): Name = "PackageDescription"; Value = "Radial Cap, Thru-Hole; 2 Leads; 0.3 in Pin Spacing"; VariantName = "[No Variations]"
Add component (AddParameter): Name = "PackageReference"; Value = "RAD-0.3"; VariantName = "[No Variations]"
Add component (AddParameter): Name = "Packaging"; Value = "Tape and Reel"; VariantName = "[No Variations]"
Add component (AddParameter): Name = "Pricing 1"; Value = "1=0.16000, 10=0.11200, 100=0.05250, 500=0.03682, 1000=0.03048, 2500=0.02837, 5000=0.02595 (USD)"; VariantName = "[No Variations]"
Add component (AddParameter): Name = "Published"; Value = "8-Jun-2000"; VariantName = "[No Variations]"
Add component (AddParameter): Name = "Publisher"; Value = "Altium Limited"; VariantName = "[No Variations]"
Add component (AddParameter): Name = "RoHS"; Value = "Yes"; VariantName = "[No Variations]"
Add component (AddParameter): Name = "Stock 1"; Value = "398974"; VariantName = "[No Variations]"
Add component (AddParameter): Name = "Supplier 1"; Value = "Digi-Key"; VariantName = "[No Variations]"
Add component (AddParameter): Name = "Supplier Part Number 1"; Value = "1276-6665-6-ND"; VariantName = "[No Variations]"
Add component (AddParameter): Name = "Thickness"; Value = "0.022inch"; VariantName = "[No Variations]"
Add component (AddParameter): Name = "Tolerance"; Value = "10%"; VariantName = "[No Variations]"
Add component (AddParameter): Name = "Value"; Value = "0.33uF"; VariantName = "[No Variations]"
Add component (AddParameter): Name = "Voltage Rating"; Value = "10V"; VariantName = "[No Variations]"
Add component (AddParameter): Name = "Voltage Rating (DC)"; Value = "10V"; VariantName = "[No Variations]"
Add component (AddParameter): Name = "Width"; Value = "0.02inch"; VariantName = "[No Variations]"
Added Component: Designator=C3(0402)
Add component. Clean all parameters for all variants
Add component (AddParameter): Name = "Capacitance"; Value = "330nF"; VariantName = "[No Variations]"
Add component (AddParameter): Name = "Case/Package"; Value = "0402"; VariantName = "[No Variations]"
Add component (AddParameter): Name = "Case Code (Imperial)"; Value = "0402"; VariantName = "[No Variations]"
Add component (AddParameter): Name = "Case Code (Metric)"; Value = "1005"; VariantName = "[No Variations]"
Add component (AddParameter): Name = "ComponentLink1Description"; Value = "http://www.samsungsem.com/kr/support/library/product-catalog/mlcc.jsp?src-supplier=Digi-Key"; VariantName = "[No Variations]"
Add component (AddParameter): Name = "ComponentLink1URL"; Value = "http://www.samsungsem.com/kr/support/library/product-catalog/mlcc.jsp?src-supplier=Digi-Key"; VariantName = "[No Variations]"
Add component (AddParameter): Name = "ComponentLink2Description"; Value = "http://www.samsungsem.com/kr/support/product-search/mlcc/CL05A334KP5NNNC.jsp?src-supplier=Digi-Key"; VariantName = "[No Variations]"
Add component (AddParameter): Name = "ComponentLink2URL"; Value = "http://www.samsungsem.com/kr/support/product-search/mlcc/CL05A334KP5NNNC.jsp?src-supplier=Digi-Key"; VariantName = "[No Variations]"
Add component (AddParameter): Name = "LatestRevisionDate"; Value = "17-Jul-2002"; VariantName = "[No Variations]"
Add component (AddParameter): Name = "LatestRevisionNote"; Value = "Re-released for DXP Platform."; VariantName = "[No Variations]"
Add component (AddParameter): Name = "Lead Free"; Value = "Lead Free"; VariantName = "[No Variations]"
Add component (AddParameter): Name = "Length"; Value = "0.039inch"; VariantName = "[No Variations]"
Add component (AddParameter): Name = "Manufacturer 1"; Value = "Samsung"; VariantName = "[No Variations]"
Add component (AddParameter): Name = "Manufacturer Part Number 1"; Value = "CL05A334KP5NNNC"; VariantName = "[No Variations]"
Add component (AddParameter): Name = "Max Operating Temperature"; Value = "85°C"; VariantName = "[No Variations]"
Add component (AddParameter): Name = "Min Operating Temperature"; Value = "-55°C"; VariantName = "[No Variations]"
Add component (AddParameter): Name = "Mount"; Value = "Surface Mount"; VariantName = "[No Variations]"
Add component (AddParameter): Name = "PackageDescription"; Value = "Radial Cap, Thru-Hole; 2 Leads; 0.3 in Pin Spacing"; VariantName = "[No Variations]"
Add component (AddParameter): Name = "PackageReference"; Value = "RAD-0.3"; VariantName = "[No Variations]"
Add component (AddParameter): Name = "Packaging"; Value = "Tape and Reel"; VariantName = "[No Variations]"
Add component (AddParameter): Name = "Pricing 1"; Value = "1=0.16000, 10=0.11200, 100=0.05250, 500=0.03682, 1000=0.03048, 2500=0.02837, 5000=0.02595 (USD)"; VariantName = "[No Variations]"
Add component (AddParameter): Name = "Published"; Value = "8-Jun-2000"; VariantName = "[No Variations]"
Add component (AddParameter): Name = "Publisher"; Value = "Altium Limited"; VariantName = "[No Variations]"
Add component (AddParameter): Name = "RoHS"; Value = "Yes"; VariantName = "[No Variations]"
Add component (AddParameter): Name = "Stock 1"; Value = "398974"; VariantName = "[No Variations]"
Add component (AddParameter): Name = "Supplier 1"; Value = "Digi-Key"; VariantName = "[No Variations]"
Add component (AddParameter): Name = "Supplier Part Number 1"; Value = "1276-6665-6-ND"; VariantName = "[No Variations]"
Add component (AddParameter): Name = "Thickness"; Value = "0.022inch"; VariantName = "[No Variations]"
Add component (AddParameter): Name = "Tolerance"; Value = "10%"; VariantName = "[No Variations]"
Add component (AddParameter): Name = "Value"; Value = "0.33uF"; VariantName = "[No Variations]"
Add component (AddParameter): Name = "Voltage Rating"; Value = "10V"; VariantName = "[No Variations]"
Add component (AddParameter): Name = "Voltage Rating (DC)"; Value = "10V"; VariantName = "[No Variations]"
Add component (AddParameter): Name = "Width"; Value = "0.02inch"; VariantName = "[No Variations]"
Added Component: Designator=C4(0402)
Add component. Clean all parameters for all variants
Add component (AddParameter): Name = "Capacitance"; Value = "330nF"; VariantName = "[No Variations]"
Add component (AddParameter): Name = "Case/Package"; Value = "0402"; VariantName = "[No Variations]"
Add component (AddParameter): Name = "Case Code (Imperial)"; Value = "0402"; VariantName = "[No Variations]"
Add component (AddParameter): Name = "Case Code (Metric)"; Value = "1005"; VariantName = "[No Variations]"
Add component (AddParameter): Name = "ComponentLink1Description"; Value = "http://www.samsungsem.com/kr/support/library/product-catalog/mlcc.jsp?src-supplier=Digi-Key"; VariantName = "[No Variations]"
Add component (AddParameter): Name = "ComponentLink1URL"; Value = "http://www.samsungsem.com/kr/support/library/product-catalog/mlcc.jsp?src-supplier=Digi-Key"; VariantName = "[No Variations]"
Add component (AddParameter): Name = "ComponentLink2Description"; Value = "http://www.samsungsem.com/kr/support/product-search/mlcc/CL05A334KP5NNNC.jsp?src-supplier=Digi-Key"; VariantName = "[No Variations]"
Add component (AddParameter): Name = "ComponentLink2URL"; Value = "http://www.samsungsem.com/kr/support/product-search/mlcc/CL05A334KP5NNNC.jsp?src-supplier=Digi-Key"; VariantName = "[No Variations]"
Add component (AddParameter): Name = "LatestRevisionDate"; Value = "17-Jul-2002"; VariantName = "[No Variations]"
Add component (AddParameter): Name = "LatestRevisionNote"; Value = "Re-released for DXP Platform."; VariantName = "[No Variations]"
Add component (AddParameter): Name = "Lead Free"; Value = "Lead Free"; VariantName = "[No Variations]"
Add component (AddParameter): Name = "Length"; Value = "0.039inch"; VariantName = "[No Variations]"
Add component (AddParameter): Name = "Manufacturer 1"; Value = "Samsung"; VariantName = "[No Variations]"
Add component (AddParameter): Name = "Manufacturer Part Number 1"; Value = "CL05A334KP5NNNC"; VariantName = "[No Variations]"
Add component (AddParameter): Name = "Max Operating Temperature"; Value = "85°C"; VariantName = "[No Variations]"
Add component (AddParameter): Name = "Min Operating Temperature"; Value = "-55°C"; VariantName = "[No Variations]"
Add component (AddParameter): Name = "Mount"; Value = "Surface Mount"; VariantName = "[No Variations]"
Add component (AddParameter): Name = "PackageDescription"; Value = "Radial Cap, Thru-Hole; 2 Leads; 0.3 in Pin Spacing"; VariantName = "[No Variations]"
Add component (AddParameter): Name = "PackageReference"; Value = "RAD-0.3"; VariantName = "[No Variations]"
Add component (AddParameter): Name = "Packaging"; Value = "Tape and Reel"; VariantName = "[No Variations]"
Add component (AddParameter): Name = "Pricing 1"; Value = "1=0.16000, 10=0.11200, 100=0.05250, 500=0.03682, 1000=0.03048, 2500=0.02837, 5000=0.02595 (USD)"; VariantName = "[No Variations]"
Add component (AddParameter): Name = "Published"; Value = "8-Jun-2000"; VariantName = "[No Variations]"
Add component (AddParameter): Name = "Publisher"; Value = "Altium Limited"; VariantName = "[No Variations]"
Add component (AddParameter): Name = "RoHS"; Value = "Yes"; VariantName = "[No Variations]"
Add component (AddParameter): Name = "Stock 1"; Value = "398974"; VariantName = "[No Variations]"
Add component (AddParameter): Name = "Supplier 1"; Value = "Digi-Key"; VariantName = "[No Variations]"
Add component (AddParameter): Name = "Supplier Part Number 1"; Value = "1276-6665-6-ND"; VariantName = "[No Variations]"
Add component (AddParameter): Name = "Thickness"; Value = "0.022inch"; VariantName = "[No Variations]"
Add component (AddParameter): Name = "Tolerance"; Value = "10%"; VariantName = "[No Variations]"
Add component (AddParameter): Name = "Value"; Value = "0.33uF"; VariantName = "[No Variations]"
Add component (AddParameter): Name = "Voltage Rating"; Value = "10V"; VariantName = "[No Variations]"
Add component (AddParameter): Name = "Voltage Rating (DC)"; Value = "10V"; VariantName = "[No Variations]"
Add component (AddParameter): Name = "Width"; Value = "0.02inch"; VariantName = "[No Variations]"
Added Component: Designator=C5(0402)
Add component. Clean all parameters for all variants
Add component (AddParameter): Name = "Capacitance"; Value = "330nF"; VariantName = "[No Variations]"
Add component (AddParameter): Name = "Case/Package"; Value = "0402"; VariantName = "[No Variations]"
Add component (AddParameter): Name = "Case Code (Imperial)"; Value = "0402"; VariantName = "[No Variations]"
Add component (AddParameter): Name = "Case Code (Metric)"; Value = "1005"; VariantName = "[No Variations]"
Add component (AddParameter): Name = "ComponentLink1Description"; Value = "http://www.samsungsem.com/kr/support/library/product-catalog/mlcc.jsp?src-supplier=Digi-Key"; VariantName = "[No Variations]"
Add component (AddParameter): Name = "ComponentLink1URL"; Value = "http://www.samsungsem.com/kr/support/library/product-catalog/mlcc.jsp?src-supplier=Digi-Key"; VariantName = "[No Variations]"
Add component (AddParameter): Name = "ComponentLink2Description"; Value = "http://www.samsungsem.com/kr/support/product-search/mlcc/CL05A334KP5NNNC.jsp?src-supplier=Digi-Key"; VariantName = "[No Variations]"
Add component (AddParameter): Name = "ComponentLink2URL"; Value = "http://www.samsungsem.com/kr/support/product-search/mlcc/CL05A334KP5NNNC.jsp?src-supplier=Digi-Key"; VariantName = "[No Variations]"
Add component (AddParameter): Name = "LatestRevisionDate"; Value = "17-Jul-2002"; VariantName = "[No Variations]"
Add component (AddParameter): Name = "LatestRevisionNote"; Value = "Re-released for DXP Platform."; VariantName = "[No Variations]"
Add component (AddParameter): Name = "Lead Free"; Value = "Lead Free"; VariantName = "[No Variations]"
Add component (AddParameter): Name = "Length"; Value = "0.039inch"; VariantName = "[No Variations]"
Add component (AddParameter): Name = "Manufacturer 1"; Value = "Samsung"; VariantName = "[No Variations]"
Add component (AddParameter): Name = "Manufacturer Part Number 1"; Value = "CL05A334KP5NNNC"; VariantName = "[No Variations]"
Add component (AddParameter): Name = "Max Operating Temperature"; Value = "85°C"; VariantName = "[No Variations]"
Add component (AddParameter): Name = "Min Operating Temperature"; Value = "-55°C"; VariantName = "[No Variations]"
Add component (AddParameter): Name = "Mount"; Value = "Surface Mount"; VariantName = "[No Variations]"
Add component (AddParameter): Name = "PackageDescription"; Value = "Radial Cap, Thru-Hole; 2 Leads; 0.3 in Pin Spacing"; VariantName = "[No Variations]"
Add component (AddParameter): Name = "PackageReference"; Value = "RAD-0.3"; VariantName = "[No Variations]"
Add component (AddParameter): Name = "Packaging"; Value = "Tape and Reel"; VariantName = "[No Variations]"
Add component (AddParameter): Name = "Pricing 1"; Value = "1=0.16000, 10=0.11200, 100=0.05250, 500=0.03682, 1000=0.03048, 2500=0.02837, 5000=0.02595 (USD)"; VariantName = "[No Variations]"
Add component (AddParameter): Name = "Published"; Value = "8-Jun-2000"; VariantName = "[No Variations]"
Add component (AddParameter): Name = "Publisher"; Value = "Altium Limited"; VariantName = "[No Variations]"
Add component (AddParameter): Name = "RoHS"; Value = "Yes"; VariantName = "[No Variations]"
Add component (AddParameter): Name = "Stock 1"; Value = "398974"; VariantName = "[No Variations]"
Add component (AddParameter): Name = "Supplier 1"; Value = "Digi-Key"; VariantName = "[No Variations]"
Add component (AddParameter): Name = "Supplier Part Number 1"; Value = "1276-6665-6-ND"; VariantName = "[No Variations]"
Add component (AddParameter): Name = "Thickness"; Value = "0.022inch"; VariantName = "[No Variations]"
Add component (AddParameter): Name = "Tolerance"; Value = "10%"; VariantName = "[No Variations]"
Add component (AddParameter): Name = "Value"; Value = "0.33uF"; VariantName = "[No Variations]"
Add component (AddParameter): Name = "Voltage Rating"; Value = "10V"; VariantName = "[No Variations]"
Add component (AddParameter): Name = "Voltage Rating (DC)"; Value = "10V"; VariantName = "[No Variations]"
Add component (AddParameter): Name = "Width"; Value = "0.02inch"; VariantName = "[No Variations]"
Added Component: Designator=CR1(TSSOP16)
Add component. Clean all parameters for all variants
Add component (AddParameter): Name = "Built_By"; Value = "EMA_UL_Team"; VariantName = "[No Variations]"
Add component (AddParameter): Name = "Case/Package"; Value = "TSSOP"; VariantName = "[No Variations]"
Add component (AddParameter): Name = "ComponentLink1Description"; Value = "https://datasheet.ciiva.com/41459/001185619-da-01-en-ic-drvr-rcvr-rs23-st3232btr-tssop-16-stm-41459900.pdf?src-supplier=Conrad"; VariantName = "[No Variations]"
Add component (AddParameter): Name = "ComponentLink1URL"; Value = "https://datasheet.ciiva.com/41459/001185619-da-01-en-ic-drvr-rcvr-rs23-st3232btr-tssop-16-stm-41459900.pdf?src-supplier=Conrad"; VariantName = "[No Variations]"
Add component (AddParameter): Name = "ComponentLink2Description"; Value = "https://datasheet.ciiva.com/1701/cd00002253-1701218.pdf?src-supplier=Digi-Key"; VariantName = "[No Variations]"
Add component (AddParameter): Name = "ComponentLink2URL"; Value = "https://datasheet.ciiva.com/1701/cd00002253-1701218.pdf?src-supplier=Digi-Key"; VariantName = "[No Variations]"
Add component (AddParameter): Name = "ComponentLink3Description"; Value = "https://datasheet.ciiva.com/1701/cd00002253-1701219.pdf?src-supplier=Digi-Key"; VariantName = "[No Variations]"
Add component (AddParameter): Name = "ComponentLink3URL"; Value = "https://datasheet.ciiva.com/1701/cd00002253-1701219.pdf?src-supplier=Digi-Key"; VariantName = "[No Variations]"
Add component (AddParameter): Name = "ComponentLink4Description"; Value = "https://datasheet.ciiva.com/1701/cd00002253-1701220.pdf?src-supplier=Digi-Key"; VariantName = "[No Variations]"
Add component (AddParameter): Name = "ComponentLink4URL"; Value = "https://datasheet.ciiva.com/1701/cd00002253-1701220.pdf?src-supplier=Digi-Key"; VariantName = "[No Variations]"
Add component (AddParameter): Name = "ComponentLink5Description"; Value = "https://datasheet.ciiva.com/7630/1766333-7630101.pdf?src-supplier=Element14"; VariantName = "[No Variations]"
Add component (AddParameter): Name = "ComponentLink5URL"; Value = "https://datasheet.ciiva.com/7630/1766333-7630101.pdf?src-supplier=Element14"; VariantName = "[No Variations]"
Add component (AddParameter): Name = "ComponentLink6Description"; Value = "https://datasheet.ciiva.com/16490/cd00002253-16490023.pdf?src-supplier=Future+Electronics"; VariantName = "[No Variations]"
Add component (AddParameter): Name = "ComponentLink6URL"; Value = "https://datasheet.ciiva.com/16490/cd00002253-16490023.pdf?src-supplier=Future+Electronics"; VariantName = "[No Variations]"
Add component (AddParameter): Name = "ComponentLink7Description"; Value = "https://datasheet.ciiva.com/16641/cd00002253-16641599.pdf?src-supplier=Avnet+Europe"; VariantName = "[No Variations]"
Add component (AddParameter): Name = "ComponentLink7URL"; Value = "https://datasheet.ciiva.com/16641/cd00002253-16641599.pdf?src-supplier=Avnet+Europe"; VariantName = "[No Variations]"
Add component (AddParameter): Name = "Contact Plating"; Value = "Gold"; VariantName = "[No Variations]"
Add component (AddParameter): Name = "Copyright"; Value = "Copyright (C) 2018 Accelerated Designs. All rights reserved"; VariantName = "[No Variations]"
Add component (AddParameter): Name = "Data Rate"; Value = "400Kbps"; VariantName = "[No Variations]"
Add component (AddParameter): Name = "ESD Protection"; Value = "No"; VariantName = "[No Variations]"
Add component (AddParameter): Name = "Height"; Value = "1mm"; VariantName = "[No Variations]"
Add component (AddParameter): Name = "Interface"; Value = "RS-232"; VariantName = "[No Variations]"
Add component (AddParameter): Name = "Lead Free"; Value = "Lead Free"; VariantName = "[No Variations]"
Add component (AddParameter): Name = "Length"; Value = "5mm"; VariantName = "[No Variations]"
Add component (AddParameter): Name = "Logic Function"; Value = "Receiver"; VariantName = "[No Variations]"
Add component (AddParameter): Name = "Manufacturer 1"; Value = "STMicroelectronics"; VariantName = "[No Variations]"
Add component (AddParameter): Name = "Manufacturer_Part_Number"; Value = "ST3232BTR"; VariantName = "[No Variations]"
Add component (AddParameter): Name = "Manufacturer Part Number 1"; Value = "ST3232BTR"; VariantName = "[No Variations]"
Add component (AddParameter): Name = "Max Operating Temperature"; Value = "85°C"; VariantName = "[No Variations]"
Add component (AddParameter): Name = "Max Supply Current"; Value = "2mA"; VariantName = "[No Variations]"
Add component (AddParameter): Name = "Max Supply Voltage"; Value = "5.5V"; VariantName = "[No Variations]"
Add component (AddParameter): Name = "Min Operating Temperature"; Value = "-40°C"; VariantName = "[No Variations]"
Add component (AddParameter): Name = "Min Supply Voltage"; Value = "3V"; VariantName = "[No Variations]"
Add component (AddParameter): Name = "Mount"; Value = "Surface Mount"; VariantName = "[No Variations]"
Add component (AddParameter): Name = "Nominal Supply Current"; Value = "2mA"; VariantName = "[No Variations]"
Add component (AddParameter): Name = "Number of Drivers"; Value = "2"; VariantName = "[No Variations]"
Add component (AddParameter): Name = "Number of Pins"; Value = "16"; VariantName = "[No Variations]"
Add component (AddParameter): Name = "Number of Receivers"; Value = "2"; VariantName = "[No Variations]"
Add component (AddParameter): Name = "Number of Transceivers"; Value = "1"; VariantName = "[No Variations]"
Add component (AddParameter): Name = "Number of Transmitters"; Value = "2"; VariantName = "[No Variations]"
Add component (AddParameter): Name = "Output Voltage"; Value = "5.4V"; VariantName = "[No Variations]"
Add component (AddParameter): Name = "Package Quantity"; Value = "2500"; VariantName = "[No Variations]"
Add component (AddParameter): Name = "Packaging"; Value = "Tape and Reel"; VariantName = "[No Variations]"
Add component (AddParameter): Name = "Pricing 1"; Value = "1=1.14000, 10=1.02300, 100=0.79740, 500=0.65874, 1000=0.52005 (USD)"; VariantName = "[No Variations]"
Add component (AddParameter): Name = "Radiation Hardening"; Value = "No"; VariantName = "[No Variations]"
Add component (AddParameter): Name = "REACH SVHC"; Value = "No SVHC"; VariantName = "[No Variations]"
Add component (AddParameter): Name = "RefDes"; Value = "RefDes"; VariantName = "[No Variations]"
Add component (AddParameter): Name = "RoHS"; Value = "Yes"; VariantName = "[No Variations]"
Add component (AddParameter): Name = "Stock 1"; Value = "70293"; VariantName = "[No Variations]"
Add component (AddParameter): Name = "Supplier 1"; Value = "Digi-Key"; VariantName = "[No Variations]"
Add component (AddParameter): Name = "Supplier Part Number 1"; Value = "497-6534-1-ND"; VariantName = "[No Variations]"
Add component (AddParameter): Name = "Type"; Value = "DEV"; VariantName = "[No Variations]"
Add component (AddParameter): Name = "Value"; Value = "Value"; VariantName = "[No Variations]"
Add component (AddParameter): Name = "Vendor"; Value = "STMicroelectronics"; VariantName = "[No Variations]"
Add component (AddParameter): Name = "Width"; Value = "4.4mm"; VariantName = "[No Variations]"
Added Component: Designator=J1(*MOLEX_0705530003)
Add component. Clean all parameters for all variants
Add component (AddParameter): Name = "Digi-Key_Part_Number"; Value = "WM4902-ND"; VariantName = "[No Variations]"
Add component (AddParameter): Name = "Digi-Key_Purchase_URL"; Value = "https://www.digikey.com/product-detail/en/molex/0705530003/WM4902-ND/114959?utm_source=snapeda&utm_medium=aggregator&utm_campaign=symbol"; VariantName = "[No Variations]"
Add component (AddParameter): Name = "MF"; Value = "Molex"; VariantName = "[No Variations]"
Add component (AddParameter): Name = "MP"; Value = "0705530003"; VariantName = "[No Variations]"
Add component (AddParameter): Name = "Package"; Value = "None"; VariantName = "[No Variations]"
Add component (AddParameter): Name = "SnapEDA_Link"; Value = "https://www.snapeda.com/parts/0705530003/Molex/view-part/?ref=snap"; VariantName = "[No Variations]"
Add component (AddParameter): Name = "Value"; Value = ""; VariantName = "[No Variations]"
Added Component: Designator=P1(HDR1X2)
Add component. Clean all parameters for all variants
Add component (AddParameter): Name = "LatestRevisionDate"; Value = "17-Jul-2002"; VariantName = "[No Variations]"
Add component (AddParameter): Name = "LatestRevisionNote"; Value = "Re-released for DXP Platform."; VariantName = "[No Variations]"
Add component (AddParameter): Name = "Publisher"; Value = "Altium Limited"; VariantName = "[No Variations]"
Added Component: Designator=P2(HDR1X2)
Add component. Clean all parameters for all variants
Add component (AddParameter): Name = "LatestRevisionDate"; Value = "17-Jul-2002"; VariantName = "[No Variations]"
Add component (AddParameter): Name = "LatestRevisionNote"; Value = "Re-released for DXP Platform."; VariantName = "[No Variations]"
Add component (AddParameter): Name = "Publisher"; Value = "Altium Limited"; VariantName = "[No Variations]"
Added Component: Designator=P3(HDR1X4)
Add component. Clean all parameters for all variants
Add component (AddParameter): Name = "LatestRevisionDate"; Value = "17-Jul-2002"; VariantName = "[No Variations]"
Add component (AddParameter): Name = "LatestRevisionNote"; Value = "Re-released for DXP Platform."; VariantName = "[No Variations]"
Add component (AddParameter): Name = "Publisher"; Value = "Altium Limited"; VariantName = "[No Variations]"
Added Component: Designator=P4(HDR1X4)
Add component. Clean all parameters for all variants
Add component (AddParameter): Name = "LatestRevisionDate"; Value = "17-Jul-2002"; VariantName = "[No Variations]"
Add component (AddParameter): Name = "LatestRevisionNote"; Value = "Re-released for DXP Platform."; VariantName = "[No Variations]"
Add component (AddParameter): Name = "Publisher"; Value = "Altium Limited"; VariantName = "[No Variations]"
Added Component: Designator=P5(HDR1X3)
Add component. Clean all parameters for all variants
Add component (AddParameter): Name = "LatestRevisionDate"; Value = "17-Jul-2002"; VariantName = "[No Variations]"
Add component (AddParameter): Name = "LatestRevisionNote"; Value = "Re-released for DXP Platform."; VariantName = "[No Variations]"
Add component (AddParameter): Name = "Publisher"; Value = "Altium Limited"; VariantName = "[No Variations]"
Added Component: Designator=P6(HDR1X3)
Add component. Clean all parameters for all variants
Add component (AddParameter): Name = "LatestRevisionDate"; Value = "17-Jul-2002"; VariantName = "[No Variations]"
Add component (AddParameter): Name = "LatestRevisionNote"; Value = "Re-released for DXP Platform."; VariantName = "[No Variations]"
Add component (AddParameter): Name = "Publisher"; Value = "Altium Limited"; VariantName = "[No Variations]"
Added Component: Designator=P7(HDR1X3)
Add component. Clean all parameters for all variants
Add component (AddParameter): Name = "LatestRevisionDate"; Value = "17-Jul-2002"; VariantName = "[No Variations]"
Add component (AddParameter): Name = "LatestRevisionNote"; Value = "Re-released for DXP Platform."; VariantName = "[No Variations]"
Add component (AddParameter): Name = "Publisher"; Value = "Altium Limited"; VariantName = "[No Variations]"
Added Component: Designator=P8(HDR1X3)
Add component. Clean all parameters for all variants
Add component (AddParameter): Name = "LatestRevisionDate"; Value = "17-Jul-2002"; VariantName = "[No Variations]"
Add component (AddParameter): Name = "LatestRevisionNote"; Value = "Re-released for DXP Platform."; VariantName = "[No Variations]"
Add component (AddParameter): Name = "Publisher"; Value = "Altium Limited"; VariantName = "[No Variations]"
Added Component: Designator=P9(HDR1X3)
Add component. Clean all parameters for all variants
Add component (AddParameter): Name = "LatestRevisionDate"; Value = "17-Jul-2002"; VariantName = "[No Variations]"
Add component (AddParameter): Name = "LatestRevisionNote"; Value = "Re-released for DXP Platform."; VariantName = "[No Variations]"
Add component (AddParameter): Name = "Publisher"; Value = "Altium Limited"; VariantName = "[No Variations]"
Added Component: Designator=P10(HDR1X3)
Add component. Clean all parameters for all variants
Add component (AddParameter): Name = "LatestRevisionDate"; Value = "17-Jul-2002"; VariantName = "[No Variations]"
Add component (AddParameter): Name = "LatestRevisionNote"; Value = "Re-released for DXP Platform."; VariantName = "[No Variations]"
Add component (AddParameter): Name = "Publisher"; Value = "Altium Limited"; VariantName = "[No Variations]"
Added Component: Designator=P11(HDR1X3)
Add component. Clean all parameters for all variants
Add component (AddParameter): Name = "LatestRevisionDate"; Value = "17-Jul-2002"; VariantName = "[No Variations]"
Add component (AddParameter): Name = "LatestRevisionNote"; Value = "Re-released for DXP Platform."; VariantName = "[No Variations]"
Add component (AddParameter): Name = "Publisher"; Value = "Altium Limited"; VariantName = "[No Variations]"
Added Component: Designator=P12(HDR1X3)
Add component. Clean all parameters for all variants
Add component (AddParameter): Name = "LatestRevisionDate"; Value = "17-Jul-2002"; VariantName = "[No Variations]"
Add component (AddParameter): Name = "LatestRevisionNote"; Value = "Re-released for DXP Platform."; VariantName = "[No Variations]"
Add component (AddParameter): Name = "Publisher"; Value = "Altium Limited"; VariantName = "[No Variations]"
Added Component: Designator=P13(HDR1X3)
Add component. Clean all parameters for all variants
Add component (AddParameter): Name = "LatestRevisionDate"; Value = "17-Jul-2002"; VariantName = "[No Variations]"
Add component (AddParameter): Name = "LatestRevisionNote"; Value = "Re-released for DXP Platform."; VariantName = "[No Variations]"
Add component (AddParameter): Name = "Publisher"; Value = "Altium Limited"; VariantName = "[No Variations]"
Added Component: Designator=P14(HDR1X3)
Add component. Clean all parameters for all variants
Add component (AddParameter): Name = "LatestRevisionDate"; Value = "17-Jul-2002"; VariantName = "[No Variations]"
Add component (AddParameter): Name = "LatestRevisionNote"; Value = "Re-released for DXP Platform."; VariantName = "[No Variations]"
Add component (AddParameter): Name = "Publisher"; Value = "Altium Limited"; VariantName = "[No Variations]"
Added Component: Designator=P15(HDR1X3)
Add component. Clean all parameters for all variants
Add component (AddParameter): Name = "LatestRevisionDate"; Value = "17-Jul-2002"; VariantName = "[No Variations]"
Add component (AddParameter): Name = "LatestRevisionNote"; Value = "Re-released for DXP Platform."; VariantName = "[No Variations]"
Add component (AddParameter): Name = "Publisher"; Value = "Altium Limited"; VariantName = "[No Variations]"
Added Component: Designator=P16(HDR1X3)
Add component. Clean all parameters for all variants
Add component (AddParameter): Name = "LatestRevisionDate"; Value = "17-Jul-2002"; VariantName = "[No Variations]"
Add component (AddParameter): Name = "LatestRevisionNote"; Value = "Re-released for DXP Platform."; VariantName = "[No Variations]"
Add component (AddParameter): Name = "Publisher"; Value = "Altium Limited"; VariantName = "[No Variations]"
Added Component: Designator=P17(HDR1X3)
Add component. Clean all parameters for all variants
Add component (AddParameter): Name = "LatestRevisionDate"; Value = "17-Jul-2002"; VariantName = "[No Variations]"
Add component (AddParameter): Name = "LatestRevisionNote"; Value = "Re-released for DXP Platform."; VariantName = "[No Variations]"
Add component (AddParameter): Name = "Publisher"; Value = "Altium Limited"; VariantName = "[No Variations]"
Added Component: Designator=P18(HDR1X3)
Add component. Clean all parameters for all variants
Add component (AddParameter): Name = "LatestRevisionDate"; Value = "17-Jul-2002"; VariantName = "[No Variations]"
Add component (AddParameter): Name = "LatestRevisionNote"; Value = "Re-released for DXP Platform."; VariantName = "[No Variations]"
Add component (AddParameter): Name = "Publisher"; Value = "Altium Limited"; VariantName = "[No Variations]"
Added Component: Designator=P19(HDR1X3)
Add component. Clean all parameters for all variants
Add component (AddParameter): Name = "LatestRevisionDate"; Value = "17-Jul-2002"; VariantName = "[No Variations]"
Add component (AddParameter): Name = "LatestRevisionNote"; Value = "Re-released for DXP Platform."; VariantName = "[No Variations]"
Add component (AddParameter): Name = "Publisher"; Value = "Altium Limited"; VariantName = "[No Variations]"
Added Component: Designator=P20(HDR1X3)
Add component. Clean all parameters for all variants
Add component (AddParameter): Name = "LatestRevisionDate"; Value = "17-Jul-2002"; VariantName = "[No Variations]"
Add component (AddParameter): Name = "LatestRevisionNote"; Value = "Re-released for DXP Platform."; VariantName = "[No Variations]"
Add component (AddParameter): Name = "Publisher"; Value = "Altium Limited"; VariantName = "[No Variations]"
Added Component: Designator=P21(HDR1X3)
Add component. Clean all parameters for all variants
Add component (AddParameter): Name = "LatestRevisionDate"; Value = "17-Jul-2002"; VariantName = "[No Variations]"
Add component (AddParameter): Name = "LatestRevisionNote"; Value = "Re-released for DXP Platform."; VariantName = "[No Variations]"
Add component (AddParameter): Name = "Publisher"; Value = "Altium Limited"; VariantName = "[No Variations]"
Added Component: Designator=P22(HDR1X3)
Add component. Clean all parameters for all variants
Add component (AddParameter): Name = "LatestRevisionDate"; Value = "17-Jul-2002"; VariantName = "[No Variations]"
Add component (AddParameter): Name = "LatestRevisionNote"; Value = "Re-released for DXP Platform."; VariantName = "[No Variations]"
Add component (AddParameter): Name = "Publisher"; Value = "Altium Limited"; VariantName = "[No Variations]"
Added Component: Designator=P23(HDR1X3)
Add component. Clean all parameters for all variants
Add component (AddParameter): Name = "LatestRevisionDate"; Value = "17-Jul-2002"; VariantName = "[No Variations]"
Add component (AddParameter): Name = "LatestRevisionNote"; Value = "Re-released for DXP Platform."; VariantName = "[No Variations]"
Add component (AddParameter): Name = "Publisher"; Value = "Altium Limited"; VariantName = "[No Variations]"
Added Component: Designator=P24(HDR1X3)
Add component. Clean all parameters for all variants
Add component (AddParameter): Name = "LatestRevisionDate"; Value = "17-Jul-2002"; VariantName = "[No Variations]"
Add component (AddParameter): Name = "LatestRevisionNote"; Value = "Re-released for DXP Platform."; VariantName = "[No Variations]"
Add component (AddParameter): Name = "Publisher"; Value = "Altium Limited"; VariantName = "[No Variations]"
Added Component: Designator=P25(HDR1X3)
Add component. Clean all parameters for all variants
Add component (AddParameter): Name = "LatestRevisionDate"; Value = "17-Jul-2002"; VariantName = "[No Variations]"
Add component (AddParameter): Name = "LatestRevisionNote"; Value = "Re-released for DXP Platform."; VariantName = "[No Variations]"
Add component (AddParameter): Name = "Publisher"; Value = "Altium Limited"; VariantName = "[No Variations]"
Added Component: Designator=P26(HDR1X2)
Add component. Clean all parameters for all variants
Add component (AddParameter): Name = "LatestRevisionDate"; Value = "17-Jul-2002"; VariantName = "[No Variations]"
Add component (AddParameter): Name = "LatestRevisionNote"; Value = "Re-released for DXP Platform."; VariantName = "[No Variations]"
Add component (AddParameter): Name = "Publisher"; Value = "Altium Limited"; VariantName = "[No Variations]"
Added Component: Designator=P27(HDR1X3)
Add component. Clean all parameters for all variants
Add component (AddParameter): Name = "LatestRevisionDate"; Value = "17-Jul-2002"; VariantName = "[No Variations]"
Add component (AddParameter): Name = "LatestRevisionNote"; Value = "Re-released for DXP Platform."; VariantName = "[No Variations]"
Add component (AddParameter): Name = "Publisher"; Value = "Altium Limited"; VariantName = "[No Variations]"
Added Component: Designator=P28(HDR1X3)
Add component. Clean all parameters for all variants
Add component (AddParameter): Name = "LatestRevisionDate"; Value = "17-Jul-2002"; VariantName = "[No Variations]"
Add component (AddParameter): Name = "LatestRevisionNote"; Value = "Re-released for DXP Platform."; VariantName = "[No Variations]"
Add component (AddParameter): Name = "Publisher"; Value = "Altium Limited"; VariantName = "[No Variations]"
Added Component: Designator=P29(HDR1X3)
Add component. Clean all parameters for all variants
Add component (AddParameter): Name = "LatestRevisionDate"; Value = "17-Jul-2002"; VariantName = "[No Variations]"
Add component (AddParameter): Name = "LatestRevisionNote"; Value = "Re-released for DXP Platform."; VariantName = "[No Variations]"
Add component (AddParameter): Name = "Publisher"; Value = "Altium Limited"; VariantName = "[No Variations]"
Added Component: Designator=P30(HDR1X3)
Add component. Clean all parameters for all variants
Add component (AddParameter): Name = "LatestRevisionDate"; Value = "17-Jul-2002"; VariantName = "[No Variations]"
Add component (AddParameter): Name = "LatestRevisionNote"; Value = "Re-released for DXP Platform."; VariantName = "[No Variations]"
Add component (AddParameter): Name = "Publisher"; Value = "Altium Limited"; VariantName = "[No Variations]"
Added Component: Designator=P31(HDR1X3)
Add component. Clean all parameters for all variants
Add component (AddParameter): Name = "LatestRevisionDate"; Value = "17-Jul-2002"; VariantName = "[No Variations]"
Add component (AddParameter): Name = "LatestRevisionNote"; Value = "Re-released for DXP Platform."; VariantName = "[No Variations]"
Add component (AddParameter): Name = "Publisher"; Value = "Altium Limited"; VariantName = "[No Variations]"
Added Component: Designator=P32(HDR1X3)
Add component. Clean all parameters for all variants
Add component (AddParameter): Name = "LatestRevisionDate"; Value = "17-Jul-2002"; VariantName = "[No Variations]"
Add component (AddParameter): Name = "LatestRevisionNote"; Value = "Re-released for DXP Platform."; VariantName = "[No Variations]"
Add component (AddParameter): Name = "Publisher"; Value = "Altium Limited"; VariantName = "[No Variations]"
Added Component: Designator=P33(HDR1X3)
Add component. Clean all parameters for all variants
Add component (AddParameter): Name = "LatestRevisionDate"; Value = "17-Jul-2002"; VariantName = "[No Variations]"
Add component (AddParameter): Name = "LatestRevisionNote"; Value = "Re-released for DXP Platform."; VariantName = "[No Variations]"
Add component (AddParameter): Name = "Publisher"; Value = "Altium Limited"; VariantName = "[No Variations]"
Added Component: Designator=P34(HDR1X3)
Add component. Clean all parameters for all variants
Add component (AddParameter): Name = "LatestRevisionDate"; Value = "17-Jul-2002"; VariantName = "[No Variations]"
Add component (AddParameter): Name = "LatestRevisionNote"; Value = "Re-released for DXP Platform."; VariantName = "[No Variations]"
Add component (AddParameter): Name = "Publisher"; Value = "Altium Limited"; VariantName = "[No Variations]"
Added Component: Designator=P35(HDR2X5)
Add component. Clean all parameters for all variants
Add component (AddParameter): Name = "LatestRevisionDate"; Value = "17-Jul-2002"; VariantName = "[No Variations]"
Add component (AddParameter): Name = "LatestRevisionNote"; Value = "Re-released for DXP Platform."; VariantName = "[No Variations]"
Add component (AddParameter): Name = "Publisher"; Value = "Altium Limited"; VariantName = "[No Variations]"
Added Component: Designator=P36(HDR2X5)
Add component. Clean all parameters for all variants
Add component (AddParameter): Name = "LatestRevisionDate"; Value = "17-Jul-2002"; VariantName = "[No Variations]"
Add component (AddParameter): Name = "LatestRevisionNote"; Value = "Re-released for DXP Platform."; VariantName = "[No Variations]"
Add component (AddParameter): Name = "Publisher"; Value = "Altium Limited"; VariantName = "[No Variations]"
Added Pin To Net: NetName=GND Pin=C1-1
Added Pin To Net: NetName=5v Pin=C1-2
Added Pin To Net: NetName=NetC2_1 Pin=C2-1
Added Pin To Net: NetName=GND Pin=C2-2
Added Pin To Net: NetName=NetC3_1 Pin=C3-1
Added Pin To Net: NetName=NetC3_2 Pin=C3-2
Added Pin To Net: NetName=NetC4_1 Pin=C4-1
Added Pin To Net: NetName=NetC4_2 Pin=C4-2
Added Pin To Net: NetName=GND Pin=C5-1
Added Pin To Net: NetName=NetC5_2 Pin=C5-2
Added Pin To Net: NetName=NetC3_2 Pin=CR1-1
Added Pin To Net: NetName=NetC2_1 Pin=CR1-2
Added Pin To Net: NetName=NetC3_1 Pin=CR1-3
Added Pin To Net: NetName=NetC4_2 Pin=CR1-4
Added Pin To Net: NetName=NetC4_1 Pin=CR1-5
Added Pin To Net: NetName=NetC5_2 Pin=CR1-6
Added Pin To Net: NetName=RS232_RXD Pin=CR1-11
Added Pin To Net: NetName=R1OUT_2 Pin=CR1-12
Added Pin To Net: NetName=R1IN_2 Pin=CR1-13
Added Pin To Net: NetName=T1OUT_2 Pin=CR1-14
Added Pin To Net: NetName=GND Pin=CR1-15
Added Pin To Net: NetName=5v Pin=CR1-16
Added Pin To Net: NetName=GND Pin=J1-1
Added Pin To Net: NetName=SDA Pin=J1-2
Added Pin To Net: NetName=3V3 Pin=J1-3
Added Pin To Net: NetName=SCL Pin=J1-4
Added Pin To Net: NetName=L Pin=P1-1
Added Pin To Net: NetName=H Pin=P1-2
Added Pin To Net: NetName=12+ Pin=P2-1
Added Pin To Net: NetName=12- Pin=P2-2
Added Pin To Net: NetName=GND Pin=P3-1
Added Pin To Net: NetName=3V3 Pin=P3-2
Added Pin To Net: NetName=SCL Pin=P3-3
Added Pin To Net: NetName=SDA Pin=P3-4
Added Pin To Net: NetName=GND Pin=P4-1
Added Pin To Net: NetName=3V3 Pin=P4-2
Added Pin To Net: NetName=SCL Pin=P4-3
Added Pin To Net: NetName=SDA Pin=P4-4
Added Pin To Net: NetName=GND Pin=P5-1
Added Pin To Net: NetName=RS232_RXD Pin=P5-2
Added Pin To Net: NetName=R1OUT_2 Pin=P5-3
Added Pin To Net: NetName=GND Pin=P6-1
Added Pin To Net: NetName=VCC Pin=P6-2
Added Pin To Net: NetName=DIO_0 Pin=P6-3
Added Pin To Net: NetName=PWM_0 Pin=P7-1
Added Pin To Net: NetName=6V Pin=P7-2
Added Pin To Net: NetName=GND Pin=P7-3
Added Pin To Net: NetName=GND Pin=P8-1
Added Pin To Net: NetName=VCC Pin=P8-2
Added Pin To Net: NetName=DIO_1 Pin=P8-3
Added Pin To Net: NetName=PWM_1 Pin=P9-1
Added Pin To Net: NetName=6V Pin=P9-2
Added Pin To Net: NetName=GND Pin=P9-3
Added Pin To Net: NetName=GND Pin=P10-1
Added Pin To Net: NetName=VCC Pin=P10-2
Added Pin To Net: NetName=DIO_2 Pin=P10-3
Added Pin To Net: NetName=PWM_2 Pin=P11-1
Added Pin To Net: NetName=6V Pin=P11-2
Added Pin To Net: NetName=GND Pin=P11-3
Added Pin To Net: NetName=GND Pin=P12-1
Added Pin To Net: NetName=VCC Pin=P12-2
Added Pin To Net: NetName=DIO_3 Pin=P12-3
Added Pin To Net: NetName=PWM_3 Pin=P13-1
Added Pin To Net: NetName=6V Pin=P13-2
Added Pin To Net: NetName=GND Pin=P13-3
Added Pin To Net: NetName=GND Pin=P14-1
Added Pin To Net: NetName=VCC Pin=P14-2
Added Pin To Net: NetName=DIO_4 Pin=P14-3
Added Pin To Net: NetName=PWM_4 Pin=P15-1
Added Pin To Net: NetName=6V Pin=P15-2
Added Pin To Net: NetName=GND Pin=P15-3
Added Pin To Net: NetName=GND Pin=P16-1
Added Pin To Net: NetName=VCC Pin=P16-2
Added Pin To Net: NetName=DIO_5 Pin=P16-3
Added Pin To Net: NetName=PWM_5 Pin=P17-1
Added Pin To Net: NetName=6V Pin=P17-2
Added Pin To Net: NetName=GND Pin=P17-3
Added Pin To Net: NetName=GND Pin=P18-1
Added Pin To Net: NetName=VCC Pin=P18-2
Added Pin To Net: NetName=DIO_6 Pin=P18-3
Added Pin To Net: NetName=PWM_6 Pin=P19-1
Added Pin To Net: NetName=6V Pin=P19-2
Added Pin To Net: NetName=GND Pin=P19-3
Added Pin To Net: NetName=GND Pin=P20-1
Added Pin To Net: NetName=VCC Pin=P20-2
Added Pin To Net: NetName=DIO_7 Pin=P20-3
Added Pin To Net: NetName=PWM_7 Pin=P21-1
Added Pin To Net: NetName=6V Pin=P21-2
Added Pin To Net: NetName=GND Pin=P21-3
Added Pin To Net: NetName=GND Pin=P22-1
Added Pin To Net: NetName=VCC Pin=P22-2
Added Pin To Net: NetName=DIO_8 Pin=P22-3
Added Pin To Net: NetName=PWM_8 Pin=P23-1
Added Pin To Net: NetName=6V Pin=P23-2
Added Pin To Net: NetName=GND Pin=P23-3
Added Pin To Net: NetName=GND Pin=P24-1
Added Pin To Net: NetName=VCC Pin=P24-2
Added Pin To Net: NetName=DIO_9 Pin=P24-3
Added Pin To Net: NetName=PWM_9 Pin=P25-1
Added Pin To Net: NetName=6V Pin=P25-2
Added Pin To Net: NetName=GND Pin=P25-3
Added Pin To Net: NetName=RSL Pin=P26-1
Added Pin To Net: NetName=GND Pin=P26-2
Added Pin To Net: NetName=FWD_0 Pin=P27-1
Added Pin To Net: NetName=REV_0 Pin=P27-2
Added Pin To Net: NetName=GND Pin=P27-3
Added Pin To Net: NetName=FWD_1 Pin=P28-1
Added Pin To Net: NetName=REV_1 Pin=P28-2
Added Pin To Net: NetName=GND Pin=P28-3
Added Pin To Net: NetName=FWD_2 Pin=P29-1
Added Pin To Net: NetName=REV_2 Pin=P29-2
Added Pin To Net: NetName=GND Pin=P29-3
Added Pin To Net: NetName=FWD_3 Pin=P30-1
Added Pin To Net: NetName=REV_3 Pin=P30-2
Added Pin To Net: NetName=GND Pin=P30-3
Added Pin To Net: NetName=A_0 Pin=P31-1
Added Pin To Net: NetName=VCC Pin=P31-2
Added Pin To Net: NetName=GND Pin=P31-3
Added Pin To Net: NetName=A_1 Pin=P32-1
Added Pin To Net: NetName=VCC Pin=P32-2
Added Pin To Net: NetName=GND Pin=P32-3
Added Pin To Net: NetName=A_2 Pin=P33-1
Added Pin To Net: NetName=VCC Pin=P33-2
Added Pin To Net: NetName=GND Pin=P33-3
Added Pin To Net: NetName=A_3 Pin=P34-1
Added Pin To Net: NetName=VCC Pin=P34-2
Added Pin To Net: NetName=GND Pin=P34-3
Added Pin To Net: NetName=GND Pin=P35-1
Added Pin To Net: NetName=NetJ2_1 Pin=P35-2
Added Pin To Net: NetName=R1IN_2 Pin=P35-4
Added Pin To Net: NetName=T1OUT_2 Pin=P35-5
Added Pin To Net: NetName=NetJ2_3 Pin=P35-6
Added Pin To Net: NetName=R1IN_2 Pin=P35-7
Added Pin To Net: NetName=NetJ2_4 Pin=P35-8
Added Pin To Net: NetName=T1OUT_2 Pin=P35-10
Added Pin To Net: NetName=GND Pin=P36-1
Added Pin To Net: NetName=NetJ3_5 Pin=P36-2
Added Pin To Net: NetName=T1OUT_2 Pin=P36-4
Added Pin To Net: NetName=R1IN_2 Pin=P36-5
Added Pin To Net: NetName=NetJ3_3 Pin=P36-6
Added Pin To Net: NetName=T1OUT_2 Pin=P36-7
Added Pin To Net: NetName=NetJ3_2 Pin=P36-8
Added Pin To Net: NetName=R1IN_2 Pin=P36-10
Added Pin To Net: NetName=1 Pin=1-1
Added Pin To Net: NetName=1 Pin=2-1
Added Net: Name=1
Added Pin To Net: NetName=2 Pin=1-2
Added Pin To Net: NetName=2 Pin=2-2
Added Net: Name=2
Added Pin To Net: NetName=3 Pin=1-3
Added Pin To Net: NetName=3 Pin=2-3
Added Net: Name=3
Added Pin To Net: NetName=4 Pin=1-4
Added Pin To Net: NetName=4 Pin=2-4
Added Net: Name=4
Added Pin To Net: NetName=5 Pin=1-5
Added Pin To Net: NetName=5 Pin=2-5
Added Net: Name=5
Added Pin To Net: NetName=6 Pin=1-6
Added Pin To Net: NetName=6 Pin=2-6
Added Net: Name=6
Added Pin To Net: NetName=7 Pin=1-7
Added Pin To Net: NetName=7 Pin=2-7
Added Net: Name=7
Added Pin To Net: NetName=8 Pin=1-8
Added Pin To Net: NetName=8 Pin=2-8
Added Net: Name=8
Added Pin To Net: NetName=9 Pin=1-9
Added Pin To Net: NetName=9 Pin=2-9
Added Net: Name=9
Added Pin To Net: NetName=10 Pin=1-10
Added Pin To Net: NetName=10 Pin=2-10
Added Net: Name=10
Added Pin To Net: NetName=11 Pin=1-11
Added Pin To Net: NetName=11 Pin=2-11
Added Net: Name=11
Added Pin To Net: NetName=12 Pin=1-12
Added Pin To Net: NetName=12 Pin=2-12
Added Net: Name=12
Added Pin To Net: NetName=13 Pin=1-13
Added Pin To Net: NetName=13 Pin=2-13
Added Net: Name=13
Added Pin To Net: NetName=14 Pin=1-14
Added Pin To Net: NetName=14 Pin=2-14
Added Net: Name=14
Added Pin To Net: NetName=15 Pin=1-15
Added Pin To Net: NetName=15 Pin=2-15
Added Net: Name=15
Added Pin To Net: NetName=16 Pin=1-16
Added Pin To Net: NetName=16 Pin=2-16
Added Net: Name=16
Added Pin To Net: NetName=17 Pin=1-17
Added Pin To Net: NetName=17 Pin=2-17
Added Net: Name=17
Added Pin To Net: NetName=18 Pin=1-18
Added Pin To Net: NetName=18 Pin=2-18
Added Net: Name=18
Added Pin To Net: NetName=19 Pin=1-19
Added Pin To Net: NetName=19 Pin=2-19
Added Net: Name=19
Added Pin To Net: NetName=20 Pin=1-20
Added Pin To Net: NetName=20 Pin=2-20
Added Net: Name=20
Added Pin To Net: NetName=21 Pin=1-21
Added Pin To Net: NetName=21 Pin=2-21
Added Net: Name=21
Added Pin To Net: NetName=22 Pin=1-22
Added Pin To Net: NetName=22 Pin=2-22
Added Net: Name=22
Added Pin To Net: NetName=23 Pin=1-23
Added Pin To Net: NetName=23 Pin=2-23
Added Net: Name=23
Added Pin To Net: NetName=24 Pin=1-24
Added Pin To Net: NetName=24 Pin=2-24
Added Net: Name=24
Added Pin To Net: NetName=25 Pin=1-25
Added Pin To Net: NetName=25 Pin=2-25
Added Net: Name=25
Added Pin To Net: NetName=26 Pin=1-26
Added Pin To Net: NetName=26 Pin=2-26
Added Net: Name=26
Added Pin To Net: NetName=27 Pin=1-27
Added Pin To Net: NetName=27 Pin=2-27
Added Net: Name=27
Added Pin To Net: NetName=28 Pin=1-28
Added Pin To Net: NetName=28 Pin=2-28
Added Net: Name=28
Added Pin To Net: NetName=29 Pin=1-29
Added Pin To Net: NetName=29 Pin=2-29
Added Net: Name=29
Added Pin To Net: NetName=30 Pin=1-30
Added Pin To Net: NetName=30 Pin=2-30
Added Net: Name=30
Added Pin To Net: NetName=31 Pin=1-31
Added Pin To Net: NetName=31 Pin=2-31
Added Net: Name=31
Added Pin To Net: NetName=32 Pin=1-32
Added Pin To Net: NetName=32 Pin=2-32
Added Net: Name=32
Added Pin To Net: NetName=33 Pin=1-33
Added Pin To Net: NetName=33 Pin=2-33
Added Net: Name=33
Added Pin To Net: NetName=34 Pin=1-34
Added Pin To Net: NetName=34 Pin=2-34
Added Net: Name=34
Added Member To Class: ClassName=main Member=Component *1 Component_1
Added Member To Class: ClassName=main Member=Component *2 Component_1
Added Member To Class: ClassName=main Member=Component *3 Component_1
Added Member To Class: ClassName=main Member=Component *4 Component_1
Added Member To Class: ClassName=main Member=Component *5 Component_1
Added Member To Class: ClassName=main Member=Component *6 Component_1
Added Member To Class: ClassName=main Member=Component *7 Component_1
Added Member To Class: ClassName=main Member=Component *8 Component_1
Added Member To Class: ClassName=main Member=Component *9 Component_1
Added Member To Class: ClassName=main Member=Component *10 Component_1
Added Member To Class: ClassName=main Member=Component *11 Component_1
Added Member To Class: ClassName=main Member=Component *12 Component_1
Added Member To Class: ClassName=main Member=Component *13 Component_1
Added Member To Class: ClassName=main Member=Component *14 Component_1
Added Member To Class: ClassName=main Member=Component *15 Component_1
Added Member To Class: ClassName=main Member=Component *16 Component_1
Added Member To Class: ClassName=main Member=Component *17 Component_1
Added Member To Class: ClassName=main Member=Component *18 Component_1
Added Member To Class: ClassName=main Member=Component *19 Component_1
Added Member To Class: ClassName=main Member=Component *20 Component_1
Added Member To Class: ClassName=main Member=Component *21 Component_1
Added Member To Class: ClassName=main Member=Component *22 Component_1
Added Member To Class: ClassName=main Member=Component *23 Component_1
Added Member To Class: ClassName=main Member=Component *24 Component_1
Added Member To Class: ClassName=main Member=Component *25 Component_1
Added Member To Class: ClassName=main Member=Component *26 Component_1
Added Member To Class: ClassName=main Member=Component *27 Component_1
Added Member To Class: ClassName=main Member=Component * Component_1
Added Member To Class: ClassName=main Member=Component 1 RREXTENSION-MALE
Added Member To Class: ClassName=main Member=Component 1 Component_1
Added Member To Class: ClassName=main Member=Component 2 RRINTERFACE-FEMALE
Added Member To Class: ClassName=main Member=Component 3 Component_1
Added Member To Class: ClassName=main Member=Component 4 Component_1
Added Member To Class: ClassName=main Member=Component C1 Cap
Added Member To Class: ClassName=main Member=Component C2 Cap
Added Member To Class: ClassName=main Member=Component C3 Cap
Added Member To Class: ClassName=main Member=Component C4 Cap
Added Member To Class: ClassName=main Member=Component C5 Cap
Added Member To Class: ClassName=main Member=Component CR1 Part Number: ST3232BTR
Added Member To Class: ClassName=main Member=Component J1 0705530003
Added Member To Class: ClassName=main Member=Component P1 Header 2
Added Member To Class: ClassName=main Member=Component P2 Header 2
Added Member To Class: ClassName=main Member=Component P3 Header 4
Added Member To Class: ClassName=main Member=Component P4 Header 4
Added Member To Class: ClassName=main Member=Component P5 Header 3
Added Member To Class: ClassName=main Member=Component P6 Header 3
Added Member To Class: ClassName=main Member=Component P7 Header 3
Added Member To Class: ClassName=main Member=Component P8 Header 3
Added Member To Class: ClassName=main Member=Component P9 Header 3
Added Member To Class: ClassName=main Member=Component P10 Header 3
Added Member To Class: ClassName=main Member=Component P11 Header 3
Added Member To Class: ClassName=main Member=Component P12 Header 3
Added Member To Class: ClassName=main Member=Component P13 Header 3
Added Member To Class: ClassName=main Member=Component P14 Header 3
Added Member To Class: ClassName=main Member=Component P15 Header 3
Added Member To Class: ClassName=main Member=Component P16 Header 3
Added Member To Class: ClassName=main Member=Component P17 Header 3
Added Member To Class: ClassName=main Member=Component P18 Header 3
Added Member To Class: ClassName=main Member=Component P19 Header 3
Added Member To Class: ClassName=main Member=Component P20 Header 3
Added Member To Class: ClassName=main Member=Component P21 Header 3
Added Member To Class: ClassName=main Member=Component P22 Header 3
Added Member To Class: ClassName=main Member=Component P23 Header 3
Added Member To Class: ClassName=main Member=Component P24 Header 3
Added Member To Class: ClassName=main Member=Component P25 Header 3
Added Member To Class: ClassName=main Member=Component P26 Header 2
Added Member To Class: ClassName=main Member=Component P27 Header 3
Added Member To Class: ClassName=main Member=Component P28 Header 3
Added Member To Class: ClassName=main Member=Component P29 Header 3
Added Member To Class: ClassName=main Member=Component P30 Header 3
Added Member To Class: ClassName=main Member=Component P31 Header 3
Added Member To Class: ClassName=main Member=Component P32 Header 3
Added Member To Class: ClassName=main Member=Component P33 Header 3
Added Member To Class: ClassName=main Member=Component P34 Header 3
Added Member To Class: ClassName=main Member=Component P35 Header 5X2
Added Member To Class: ClassName=main Member=Component P36 Header 5X2
Added Room: Name=main
