Change Component Designator: Old Designator=*? New Designator=*1
Change Component Designator: Old Designator=*? New Designator=*2
Change Component Designator: Old Designator=*? New Designator=*3
Change Component Designator: Old Designator=*? New Designator=*4
Change Component Designator: Old Designator=*? New Designator=*5
Change Component Designator: Old Designator=*? New Designator=*6
Change Component Designator: Old Designator=*? New Designator=*7
Change Component Designator: Old Designator=*? New Designator=*8
Change Component Designator: Old Designator=*? New Designator=*9
Change Component Designator: Old Designator=*? New Designator=*10
Change Component Designator: Old Designator=*? New Designator=*11
Change Component Designator: Old Designator=*? New Designator=*12
Change Component Designator: Old Designator=*? New Designator=*13
Change Component Designator: Old Designator=*? New Designator=*14
Change Component Designator: Old Designator=*? New Designator=*15
Change Component Designator: Old Designator=*? New Designator=*16
Change Component Designator: Old Designator=*? New Designator=*17
Change Component Designator: Old Designator=*? New Designator=*18
Change Component Designator: Old Designator=*? New Designator=*19
Change Component Designator: Old Designator=*? New Designator=*20
Change Component Designator: Old Designator=*? New Designator=*21
Change Component Designator: Old Designator=*? New Designator=*22
Change Component Designator: Old Designator=*? New Designator=*23
Change Component Designator: Old Designator=*? New Designator=*24
Change Component Designator: Old Designator=*? New Designator=*25
Change Component Designator: Old Designator=*? New Designator=*26
Change Component Designator: Old Designator=*? New Designator=*27
Change Component Designator: Old Designator=*? New Designator=*28
Change Component Designator: Old Designator=? New Designator=1
Change Component Designator: Old Designator=? New Designator=2
Change Component Designator: Old Designator=? New Designator=3
Change Component Designator: Old Designator=? New Designator=4
Change Component Designator: Old Designator=? New Designator=5
Change Component Designator: Old Designator=C? New Designator=C1
Change Component Designator: Old Designator=C? New Designator=C2
Change Component Designator: Old Designator=C? New Designator=C3
Change Component Designator: Old Designator=C? New Designator=C4
Change Component Designator: Old Designator=C? New Designator=C5
Change Component Designator: Old Designator=CR? New Designator=CR1
Change Component Designator: Old Designator=J? New Designator=J1
Change Component Designator: Old Designator=J? New Designator=J2
Change Component Designator: Old Designator=J? New Designator=J3
Change Component Designator: Old Designator=P? New Designator=P1
Change Component Designator: Old Designator=P? New Designator=P2
Change Component Designator: Old Designator=P? New Designator=P3
Change Component Designator: Old Designator=P? New Designator=P4
Change Component Designator: Old Designator=P? New Designator=P5
Change Component Designator: Old Designator=P? New Designator=P6
Change Component Designator: Old Designator=P? New Designator=P7
Change Component Designator: Old Designator=P? New Designator=P8
Change Component Designator: Old Designator=P? New Designator=P9
Change Component Designator: Old Designator=P? New Designator=P10
Change Component Designator: Old Designator=P? New Designator=P11
Change Component Designator: Old Designator=P? New Designator=P12
Change Component Designator: Old Designator=P? New Designator=P13
Change Component Designator: Old Designator=P? New Designator=P14
Change Component Designator: Old Designator=P? New Designator=P15
Change Component Designator: Old Designator=P? New Designator=P16
Change Component Designator: Old Designator=P? New Designator=P17
Change Component Designator: Old Designator=P? New Designator=P18
Change Component Designator: Old Designator=P? New Designator=P19
Change Component Designator: Old Designator=P? New Designator=P20
Change Component Designator: Old Designator=P? New Designator=P21
Change Component Designator: Old Designator=P? New Designator=P22
Change Component Designator: Old Designator=P? New Designator=P23
Change Component Designator: Old Designator=P? New Designator=P24
Change Component Designator: Old Designator=P? New Designator=P25
Change Component Designator: Old Designator=P? New Designator=P26
Change Component Designator: Old Designator=P? New Designator=P27
Change Component Designator: Old Designator=P? New Designator=P28
Change Component Designator: Old Designator=P? New Designator=P29
Change Component Designator: Old Designator=P? New Designator=P30
Change Component Designator: Old Designator=P? New Designator=P31
Change Component Designator: Old Designator=P? New Designator=P32
Change Component Designator: Old Designator=P? New Designator=P33
Change Component Designator: Old Designator=P? New Designator=P34
Change Component Designator: Old Designator=P? New Designator=P35
Change Component Designator: Old Designator=P? New Designator=P36
