Added Component: Designator=3(RREXT-MALE)
Add component. Clean all parameters for all variants
Add component (AddParameter): Name = "DeviceName"; Value = ""; VariantName = "[No Variations]"
Add component (AddParameter): Name = "DeviceSetName"; Value = "RREXTENSION-MALE"; VariantName = "[No Variations]"
Add component (AddParameter): Name = "GateName_1"; Value = "G$2"; VariantName = "[No Variations]"
Add component (AddParameter): Name = "LibraryName"; Value = "RoboRioConnector"; VariantName = "[No Variations]"
Add component (AddParameter): Name = "Package"; Value = "RREXT-MALE"; VariantName = "[No Variations]"
Add component (AddParameter): Name = "SymbolName_1"; Value = "RR_EXTENSION_MALE"; VariantName = "[No Variations]"
Added Component: Designator=4(RRINT-FEMALE)
Add component. Clean all parameters for all variants
Add component (AddParameter): Name = "DeviceName"; Value = ""; VariantName = "[No Variations]"
Add component (AddParameter): Name = "DeviceSetName"; Value = "RRINTERFACE-FEMALE"; VariantName = "[No Variations]"
Add component (AddParameter): Name = "GateName_1"; Value = "G$1"; VariantName = "[No Variations]"
Add component (AddParameter): Name = "LibraryName"; Value = "RoboRioConnector"; VariantName = "[No Variations]"
Add component (AddParameter): Name = "Package"; Value = "RRINT-FEMALE"; VariantName = "[No Variations]"
Add component (AddParameter): Name = "SymbolName_1"; Value = "RR_INTERFACE_FEMALE"; VariantName = "[No Variations]"
Added Component: Designator=CR1(TSSOP16)
Add component. Clean all parameters for all variants
Add component (AddParameter): Name = "Built_By"; Value = "EMA_UL_Team"; VariantName = "[No Variations]"
Add component (AddParameter): Name = "Case/Package"; Value = "TSSOP"; VariantName = "[No Variations]"
Add component (AddParameter): Name = "ComponentLink1Description"; Value = "https://datasheet.ciiva.com/41459/001185619-da-01-en-ic-drvr-rcvr-rs23-st3232btr-tssop-16-stm-41459900.pdf?src-supplier=Conrad"; VariantName = "[No Variations]"
Add component (AddParameter): Name = "ComponentLink1URL"; Value = "https://datasheet.ciiva.com/41459/001185619-da-01-en-ic-drvr-rcvr-rs23-st3232btr-tssop-16-stm-41459900.pdf?src-supplier=Conrad"; VariantName = "[No Variations]"
Add component (AddParameter): Name = "ComponentLink2Description"; Value = "https://datasheet.ciiva.com/1701/cd00002253-1701218.pdf?src-supplier=Digi-Key"; VariantName = "[No Variations]"
Add component (AddParameter): Name = "ComponentLink2URL"; Value = "https://datasheet.ciiva.com/1701/cd00002253-1701218.pdf?src-supplier=Digi-Key"; VariantName = "[No Variations]"
Add component (AddParameter): Name = "ComponentLink3Description"; Value = "https://datasheet.ciiva.com/1701/cd00002253-1701219.pdf?src-supplier=Digi-Key"; VariantName = "[No Variations]"
Add component (AddParameter): Name = "ComponentLink3URL"; Value = "https://datasheet.ciiva.com/1701/cd00002253-1701219.pdf?src-supplier=Digi-Key"; VariantName = "[No Variations]"
Add component (AddParameter): Name = "ComponentLink4Description"; Value = "https://datasheet.ciiva.com/1701/cd00002253-1701220.pdf?src-supplier=Digi-Key"; VariantName = "[No Variations]"
Add component (AddParameter): Name = "ComponentLink4URL"; Value = "https://datasheet.ciiva.com/1701/cd00002253-1701220.pdf?src-supplier=Digi-Key"; VariantName = "[No Variations]"
Add component (AddParameter): Name = "ComponentLink5Description"; Value = "https://datasheet.ciiva.com/7630/1766333-7630101.pdf?src-supplier=Element14"; VariantName = "[No Variations]"
Add component (AddParameter): Name = "ComponentLink5URL"; Value = "https://datasheet.ciiva.com/7630/1766333-7630101.pdf?src-supplier=Element14"; VariantName = "[No Variations]"
Add component (AddParameter): Name = "ComponentLink6Description"; Value = "https://datasheet.ciiva.com/16490/cd00002253-16490023.pdf?src-supplier=Future+Electronics"; VariantName = "[No Variations]"
Add component (AddParameter): Name = "ComponentLink6URL"; Value = "https://datasheet.ciiva.com/16490/cd00002253-16490023.pdf?src-supplier=Future+Electronics"; VariantName = "[No Variations]"
Add component (AddParameter): Name = "ComponentLink7Description"; Value = "https://datasheet.ciiva.com/16641/cd00002253-16641599.pdf?src-supplier=Avnet+Europe"; VariantName = "[No Variations]"
Add component (AddParameter): Name = "ComponentLink7URL"; Value = "https://datasheet.ciiva.com/16641/cd00002253-16641599.pdf?src-supplier=Avnet+Europe"; VariantName = "[No Variations]"
Add component (AddParameter): Name = "Contact Plating"; Value = "Gold"; VariantName = "[No Variations]"
Add component (AddParameter): Name = "Copyright"; Value = "Copyright (C) 2018 Accelerated Designs. All rights reserved"; VariantName = "[No Variations]"
Add component (AddParameter): Name = "Data Rate"; Value = "400Kbps"; VariantName = "[No Variations]"
Add component (AddParameter): Name = "ESD Protection"; Value = "No"; VariantName = "[No Variations]"
Add component (AddParameter): Name = "Height"; Value = "1mm"; VariantName = "[No Variations]"
Add component (AddParameter): Name = "Interface"; Value = "RS-232"; VariantName = "[No Variations]"
Add component (AddParameter): Name = "Lead Free"; Value = "Lead Free"; VariantName = "[No Variations]"
Add component (AddParameter): Name = "Length"; Value = "5mm"; VariantName = "[No Variations]"
Add component (AddParameter): Name = "Logic Function"; Value = "Receiver"; VariantName = "[No Variations]"
Add component (AddParameter): Name = "Manufacturer 1"; Value = "STMicroelectronics"; VariantName = "[No Variations]"
Add component (AddParameter): Name = "Manufacturer_Part_Number"; Value = "ST3232BTR"; VariantName = "[No Variations]"
Add component (AddParameter): Name = "Manufacturer Part Number 1"; Value = "ST3232BTR"; VariantName = "[No Variations]"
Add component (AddParameter): Name = "Max Operating Temperature"; Value = "85°C"; VariantName = "[No Variations]"
Add component (AddParameter): Name = "Max Supply Current"; Value = "2mA"; VariantName = "[No Variations]"
Add component (AddParameter): Name = "Max Supply Voltage"; Value = "5.5V"; VariantName = "[No Variations]"
Add component (AddParameter): Name = "Min Operating Temperature"; Value = "-40°C"; VariantName = "[No Variations]"
Add component (AddParameter): Name = "Min Supply Voltage"; Value = "3V"; VariantName = "[No Variations]"
Add component (AddParameter): Name = "Mount"; Value = "Surface Mount"; VariantName = "[No Variations]"
Add component (AddParameter): Name = "Nominal Supply Current"; Value = "2mA"; VariantName = "[No Variations]"
Add component (AddParameter): Name = "Number of Drivers"; Value = "2"; VariantName = "[No Variations]"
Add component (AddParameter): Name = "Number of Pins"; Value = "16"; VariantName = "[No Variations]"
Add component (AddParameter): Name = "Number of Receivers"; Value = "2"; VariantName = "[No Variations]"
Add component (AddParameter): Name = "Number of Transceivers"; Value = "1"; VariantName = "[No Variations]"
Add component (AddParameter): Name = "Number of Transmitters"; Value = "2"; VariantName = "[No Variations]"
Add component (AddParameter): Name = "Output Voltage"; Value = "5.4V"; VariantName = "[No Variations]"
Add component (AddParameter): Name = "Package Quantity"; Value = "2500"; VariantName = "[No Variations]"
Add component (AddParameter): Name = "Packaging"; Value = "Tape and Reel"; VariantName = "[No Variations]"
Add component (AddParameter): Name = "Pricing 1"; Value = "1=1.14000, 10=1.02300, 100=0.79740, 500=0.65874, 1000=0.52005 (USD)"; VariantName = "[No Variations]"
Add component (AddParameter): Name = "Radiation Hardening"; Value = "No"; VariantName = "[No Variations]"
Add component (AddParameter): Name = "REACH SVHC"; Value = "No SVHC"; VariantName = "[No Variations]"
Add component (AddParameter): Name = "RefDes"; Value = "RefDes"; VariantName = "[No Variations]"
Add component (AddParameter): Name = "RoHS"; Value = "Yes"; VariantName = "[No Variations]"
Add component (AddParameter): Name = "Stock 1"; Value = "70293"; VariantName = "[No Variations]"
Add component (AddParameter): Name = "Supplier 1"; Value = "Digi-Key"; VariantName = "[No Variations]"
Add component (AddParameter): Name = "Supplier Part Number 1"; Value = "497-6534-1-ND"; VariantName = "[No Variations]"
Add component (AddParameter): Name = "Type"; Value = "DEV"; VariantName = "[No Variations]"
Add component (AddParameter): Name = "Value"; Value = "Value"; VariantName = "[No Variations]"
Add component (AddParameter): Name = "Vendor"; Value = "STMicroelectronics"; VariantName = "[No Variations]"
Add component (AddParameter): Name = "Width"; Value = "4.4mm"; VariantName = "[No Variations]"
Added Component: Designator=J1(*MOLEX_0705530003)
Add component. Clean all parameters for all variants
Add component (AddParameter): Name = "Digi-Key_Part_Number"; Value = "WM4902-ND"; VariantName = "[No Variations]"
Add component (AddParameter): Name = "Digi-Key_Purchase_URL"; Value = "https://www.digikey.com/product-detail/en/molex/0705530003/WM4902-ND/114959?utm_source=snapeda&utm_medium=aggregator&utm_campaign=symbol"; VariantName = "[No Variations]"
Add component (AddParameter): Name = "MF"; Value = "Molex"; VariantName = "[No Variations]"
Add component (AddParameter): Name = "MP"; Value = "0705530003"; VariantName = "[No Variations]"
Add component (AddParameter): Name = "Package"; Value = "None"; VariantName = "[No Variations]"
Add component (AddParameter): Name = "SnapEDA_Link"; Value = "https://www.snapeda.com/parts/0705530003/Molex/view-part/?ref=snap"; VariantName = "[No Variations]"
Add component (AddParameter): Name = "Value"; Value = ""; VariantName = "[No Variations]"
Added Pin To Net: NetName=1 Pin=3-1
Added Pin To Net: NetName=2 Pin=3-2
Added Pin To Net: NetName=3 Pin=3-3
Added Pin To Net: NetName=4 Pin=3-4
Added Pin To Net: NetName=5 Pin=3-5
Added Pin To Net: NetName=6 Pin=3-6
Added Pin To Net: NetName=7 Pin=3-7
Added Pin To Net: NetName=8 Pin=3-8
Added Pin To Net: NetName=9 Pin=3-9
Added Pin To Net: NetName=10 Pin=3-10
Added Pin To Net: NetName=11 Pin=3-11
Added Pin To Net: NetName=12 Pin=3-12
Added Pin To Net: NetName=13 Pin=3-13
Added Pin To Net: NetName=14 Pin=3-14
Added Pin To Net: NetName=15 Pin=3-15
Added Pin To Net: NetName=16 Pin=3-16
Added Pin To Net: NetName=17 Pin=3-17
Added Pin To Net: NetName=18 Pin=3-18
Added Pin To Net: NetName=19 Pin=3-19
Added Pin To Net: NetName=20 Pin=3-20
Added Pin To Net: NetName=21 Pin=3-21
Added Pin To Net: NetName=22 Pin=3-22
Added Pin To Net: NetName=23 Pin=3-23
Added Pin To Net: NetName=24 Pin=3-24
Added Pin To Net: NetName=25 Pin=3-25
Added Pin To Net: NetName=26 Pin=3-26
Added Pin To Net: NetName=27 Pin=3-27
Added Pin To Net: NetName=28 Pin=3-28
Added Pin To Net: NetName=29 Pin=3-29
Added Pin To Net: NetName=30 Pin=3-30
Added Pin To Net: NetName=31 Pin=3-31
Added Pin To Net: NetName=32 Pin=3-32
Added Pin To Net: NetName=33 Pin=3-33
Added Pin To Net: NetName=34 Pin=3-34
Added Pin To Net: NetName=1 Pin=4-1
Added Pin To Net: NetName=2 Pin=4-2
Added Pin To Net: NetName=3 Pin=4-3
Added Pin To Net: NetName=4 Pin=4-4
Added Pin To Net: NetName=5 Pin=4-5
Added Pin To Net: NetName=6 Pin=4-6
Added Pin To Net: NetName=7 Pin=4-7
Added Pin To Net: NetName=8 Pin=4-8
Added Pin To Net: NetName=9 Pin=4-9
Added Pin To Net: NetName=10 Pin=4-10
Added Pin To Net: NetName=11 Pin=4-11
Added Pin To Net: NetName=12 Pin=4-12
Added Pin To Net: NetName=13 Pin=4-13
Added Pin To Net: NetName=14 Pin=4-14
Added Pin To Net: NetName=15 Pin=4-15
Added Pin To Net: NetName=16 Pin=4-16
Added Pin To Net: NetName=17 Pin=4-17
Added Pin To Net: NetName=18 Pin=4-18
Added Pin To Net: NetName=19 Pin=4-19
Added Pin To Net: NetName=20 Pin=4-20
Added Pin To Net: NetName=21 Pin=4-21
Added Pin To Net: NetName=22 Pin=4-22
Added Pin To Net: NetName=23 Pin=4-23
Added Pin To Net: NetName=24 Pin=4-24
Added Pin To Net: NetName=25 Pin=4-25
Added Pin To Net: NetName=26 Pin=4-26
Added Pin To Net: NetName=27 Pin=4-27
Added Pin To Net: NetName=28 Pin=4-28
Added Pin To Net: NetName=29 Pin=4-29
Added Pin To Net: NetName=30 Pin=4-30
Added Pin To Net: NetName=31 Pin=4-31
Added Pin To Net: NetName=32 Pin=4-32
Added Pin To Net: NetName=33 Pin=4-33
Added Pin To Net: NetName=34 Pin=4-34
Added Pin To Net: NetName=VCC Pin=C1-2
Added Pin To Net: NetName=NetC3_2 Pin=CR1-1
Added Pin To Net: NetName=NetC2_1 Pin=CR1-2
Added Pin To Net: NetName=NetC3_1 Pin=CR1-3
Added Pin To Net: NetName=NetC4_2 Pin=CR1-4
Added Pin To Net: NetName=NetC4_1 Pin=CR1-5
Added Pin To Net: NetName=NetC5_2 Pin=CR1-6
Added Pin To Net: NetName=RS232_RXD Pin=CR1-11
Added Pin To Net: NetName=R1OUT_2 Pin=CR1-12
Added Pin To Net: NetName=R1IN_2 Pin=CR1-13
Added Pin To Net: NetName=T1OUT_2 Pin=CR1-14
Added Pin To Net: NetName=GND Pin=CR1-15
Added Pin To Net: NetName=VCC Pin=CR1-16
Added Pin To Net: NetName=GND Pin=J1-1
Added Pin To Net: NetName=SDA Pin=J1-2
Added Pin To Net: NetName=3V3 Pin=J1-3
Added Pin To Net: NetName=SCL Pin=J1-4
Added Member To Class: ClassName=main Member=Component 3 RREXTENSION-MALE
Added Member To Class: ClassName=main Member=Component 4 RRINTERFACE-FEMALE
Added Member To Class: ClassName=main Member=Component CR1 Part Number: ST3232BTR
Added Member To Class: ClassName=main Member=Component J1 0705530003
Added Room: Name=main
